===============================
buildCountDown
COLORLIST_FF 0:#ffff00,7200:#ff6600,14400:#ff0000
COLORBLINK_FF #00ff00:#00ff00
COLORBLINK #00ff00:#00ff00
===============================
buildCountDown
COLORLIST_FF 0:#ffff00,7200:#ff6600,14400:#ff0000
COLORBLINK_FF #00ff00:#00ff00
COLORBLINK #00ff00:#00ff00
===============================
buildCountDown
COLORLIST_FF 0:#ffff00,7200:#ff6600,14400:#ff0000
COLORBLINK_FF #00ff00:#00ff00
COLORBLINK #00ff00:#00ff00
===============================
buildCountDown
COLORLIST_FF 0:#ffff00,7200:#ff6600,14400:#ff0000
COLORBLINK_FF #00ff00:#00ff00
COLORBLINK #00ff00:#00ff00
===============================
buildCountDown
COLORLIST_FF 0:#ffff00,7200:#ff6600,14400:#ff0000
COLORBLINK_FF 
COLORBLINK #00ff00:#00ff00
===============================
buildCountDown
COLORLIST_FF 0:#ffff00,7200:#ff6600,14400:#ff0000
COLORBLINK_FF 
COLORBLINK #00ff00:#00ff00
===============================
buildCountDown
COLORLIST_FF 0:#ffff00,7200:#ff6600,14400:#ff0000
COLORBLINK_FF 
COLORBLINK #00ff00:#00ff00
===============================
buildCountDown
COLORLIST_FF 0:#ffff00,7200:#ff6600,14400:#ff0000
COLORBLINK_FF 
COLORBLINK #00ff00:#00ff00
===============================
buildCountDown
COLORLIST_FF 0:#ffff00,7200:#ff6600,14400:#ff0000
COLORBLINK_FF 
COLORBLINK #00ff00:#00ff00
===============================
buildCountDown
COLORLIST_FF 0:#ffff00,7200:#ff6600,14400:#ff0000
COLORBLINK_FF 
COLORBLINK #00ff00:#00ff00
===COLOR_PAIR 0:#ffff00
TIMEFORCOLOR 0
COLORFORTIME #ffff00
CDST -10960
===COLOR_PAIR 7200:#ff6600
TIMEFORCOLOR 7200
COLORFORTIME #ff6600
CDST -10960
===COLOR_PAIR 14400:#ff0000
TIMEFORCOLOR 14400
COLORFORTIME #ff0000
CDST -10960
{ "full_text":"test -03:03 ", "color": "#00ff00", "name": "countdown-test" },
===============================
buildCountDown
COLORLIST_FF 0:#ffff00,7200:#ff6600,14400:#ff0000
COLORBLINK_FF 
COLORBLINK #00ff00:#00ff00
===COLOR_PAIR 0:#ffff00
TIMEFORCOLOR 0
COLORFORTIME #ffff00
CDST -10955
===COLOR_PAIR 7200:#ff6600
TIMEFORCOLOR 7200
COLORFORTIME #ff6600
CDST -10955
===COLOR_PAIR 14400:#ff0000
TIMEFORCOLOR 14400
COLORFORTIME #ff0000
CDST -10955
{ "full_text":"test -03:03 ", "color": "#00ff00", "name": "countdown-test" },
===============================
buildCountDown
COLORLIST_FF 0:#ffff00,7200:#ff6600,14400:#ff0000
COLORBLINK_FF 
COLORBLINK #00ff00:#00ff00
===COLOR_PAIR 0:#ffff00
TIMEFORCOLOR 0
COLORFORTIME #ffff00
CDST -10950
===COLOR_PAIR 7200:#ff6600
TIMEFORCOLOR 7200
COLORFORTIME #ff6600
CDST -10950
===COLOR_PAIR 14400:#ff0000
TIMEFORCOLOR 14400
COLORFORTIME #ff0000
CDST -10950
{ "full_text":"test -03:03 ", "color": "#00ff00", "name": "countdown-test" },
===============================
buildCountDown
COLORLIST_FF 0:#ffff00,7200:#ff6600,14400:#ff0000
COLORBLINK_FF 
COLORBLINK #00ff00:#00ff00
===COLOR_PAIR 0:#ffff00
TIMEFORCOLOR 0
COLORFORTIME #ffff00
CDST -10945
===COLOR_PAIR 7200:#ff6600
TIMEFORCOLOR 7200
COLORFORTIME #ff6600
CDST -10945
===COLOR_PAIR 14400:#ff0000
TIMEFORCOLOR 14400
COLORFORTIME #ff0000
CDST -10945
{ "full_text":"test -03:03 ", "color": "#00ff00", "name": "countdown-test" },
===============================
buildCountDown
COLORLIST_FF 0:#ffff00,7200:#ff6600,14400:#ff0000
COLORBLINK_FF 
COLORBLINK #00ff00:#00ff00
===COLOR_PAIR 0:#ffff00
TIMEFORCOLOR 0
COLORFORTIME #ffff00
CDST -10940
===COLOR_PAIR 7200:#ff6600
TIMEFORCOLOR 7200
COLORFORTIME #ff6600
CDST -10940
===COLOR_PAIR 14400:#ff0000
TIMEFORCOLOR 14400
COLORFORTIME #ff0000
CDST -10940
{ "full_text":"test -03:03 ", "color": "#00ff00", "name": "countdown-test" },
===============================
buildCountDown
COLORLIST_FF 0:#ffff00,7200:#ff6600,14400:#ff0000
COLORBLINK_FF 
COLORBLINK #00ff00:#00ff00
===COLOR_PAIR 0:#ffff00
TIMEFORCOLOR 0
COLORFORTIME #ffff00
CDST -10935
===COLOR_PAIR 7200:#ff6600
TIMEFORCOLOR 7200
COLORFORTIME #ff6600
CDST -10935
===COLOR_PAIR 14400:#ff0000
TIMEFORCOLOR 14400
COLORFORTIME #ff0000
CDST -10935
{ "full_text":"test -03:03 ", "color": "#00ff00", "name": "countdown-test" },
===============================
buildCountDown
COLORLIST_FF 0:#ffff00,7200:#ff6600,14400:#ff0000
COLORBLINK_FF 
COLORBLINK #00ff00:#00ff00
===COLOR_PAIR 0:#ffff00
TIMEFORCOLOR 0
COLORFORTIME #ffff00
CDST -10930
===COLOR_PAIR 7200:#ff6600
TIMEFORCOLOR 7200
COLORFORTIME #ff6600
CDST -10930
===COLOR_PAIR 14400:#ff0000
TIMEFORCOLOR 14400
COLORFORTIME #ff0000
CDST -10930
{ "full_text":"test -03:03 ", "color": "#00ff00", "name": "countdown-test" },
===============================
buildCountDown
COLORLIST_FF 0:#ffff00,7200:#ff6600,14400:#ff0000
COLORBLINK_FF 
COLORBLINK #00ff00:#00ff00
===COLOR_PAIR 0:#ffff00
TIMEFORCOLOR 0
COLORFORTIME #ffff00
CDST -10925
===COLOR_PAIR 7200:#ff6600
TIMEFORCOLOR 7200
COLORFORTIME #ff6600
CDST -10925
===COLOR_PAIR 14400:#ff0000
TIMEFORCOLOR 14400
COLORFORTIME #ff0000
CDST -10925
{ "full_text":"test -03:03 ", "color": "#00ff00", "name": "countdown-test" },
===============================
buildCountDown
COLORLIST_FF 0:#ffff00,7200:#ff6600,14400:#ff0000
COLORBLINK_FF 
COLORBLINK #00ff00:#00ff00
===COLOR_PAIR 0:#ffff00
TIMEFORCOLOR 0
COLORFORTIME #ffff00
CDST -10920
===COLOR_PAIR 7200:#ff6600
TIMEFORCOLOR 7200
COLORFORTIME #ff6600
CDST -10920
===COLOR_PAIR 14400:#ff0000
TIMEFORCOLOR 14400
COLORFORTIME #ff0000
CDST -10920
{ "full_text":"test -03:02 ", "color": "#00ff00", "name": "countdown-test" },
===============================
buildCountDown
COLORLIST_FF 0:#ffff00,7200:#ff6600,14400:#ff0000
COLORBLINK_FF 
COLORBLINK #00ff00:#00ff00
===COLOR_PAIR 0:#ffff00
TIMEFORCOLOR 0
COLORFORTIME #ffff00
CDST 10910
--cdst GE tfc COUNTDOWN_COLOR=#ffff00
===COLOR_PAIR 7200:#ff6600
TIMEFORCOLOR 7200
COLORFORTIME #ff6600
CDST 10910
--cdst GE tfc COUNTDOWN_COLOR=#ff6600
===COLOR_PAIR 14400:#ff0000
TIMEFORCOLOR 14400
COLORFORTIME #ff0000
CDST 10910
{ "full_text":"test -03:02 ", "color": "#ff6600", "name": "countdown-test" },
===============================
buildCountDown
COLORLIST_FF 0:#ffff00,7200:#ff6600,14400:#ff0000
COLORBLINK_FF 
COLORBLINK #00ff00:#00ff00
===COLOR_PAIR 0:#ffff00
TIMEFORCOLOR 0
COLORFORTIME #ffff00
CDST 10905
--cdst GE tfc COUNTDOWN_COLOR=#ffff00
===COLOR_PAIR 7200:#ff6600
TIMEFORCOLOR 7200
COLORFORTIME #ff6600
CDST 10905
--cdst GE tfc COUNTDOWN_COLOR=#ff6600
===COLOR_PAIR 14400:#ff0000
TIMEFORCOLOR 14400
COLORFORTIME #ff0000
CDST 10905
{ "full_text":"test -03:02 ", "color": "#ff6600", "name": "countdown-test" },
===============================
buildCountDown
COLORLIST_FF 0:#ffff00,7200:#ff6600,14400:#ff0000
COLORBLINK_FF 
COLORBLINK #00ff00:#00ff00
===COLOR_PAIR 0:#ffff00
TIMEFORCOLOR 0
COLORFORTIME #ffff00
CDST 10900
--cdst GE tfc COUNTDOWN_COLOR=#ffff00
===COLOR_PAIR 7200:#ff6600
TIMEFORCOLOR 7200
COLORFORTIME #ff6600
CDST 10900
--cdst GE tfc COUNTDOWN_COLOR=#ff6600
===COLOR_PAIR 14400:#ff0000
TIMEFORCOLOR 14400
COLORFORTIME #ff0000
CDST 10900
{ "full_text":"test -03:02 ", "color": "#ff6600", "name": "countdown-test" },
===============================
buildCountDown
COLORLIST_FF 0:#ffff00,7200:#ff6600,14400:#ff0000
COLORBLINK_FF 
COLORBLINK #00ff00:#00ff00
===COLOR_PAIR 0:#ffff00
TIMEFORCOLOR 0
COLORFORTIME #ffff00
CDST 10895
--cdst GE tfc COUNTDOWN_COLOR=#ffff00
===COLOR_PAIR 7200:#ff6600
TIMEFORCOLOR 7200
COLORFORTIME #ff6600
CDST 10895
--cdst GE tfc COUNTDOWN_COLOR=#ff6600
===COLOR_PAIR 14400:#ff0000
TIMEFORCOLOR 14400
COLORFORTIME #ff0000
CDST 10895
{ "full_text":"test -03:02 ", "color": "#ff6600", "name": "countdown-test" },
===============================
buildCountDown
COLORLIST_FF 0:#ffff00,7200:#ff6600,14400:#ff0000
COLORBLINK_FF 
COLORBLINK #00ff00:#00ff00
===COLOR_PAIR 0:#ffff00
TIMEFORCOLOR 0
COLORFORTIME #ffff00
CDST 10890
--cdst GE tfc COUNTDOWN_COLOR=#ffff00
===COLOR_PAIR 7200:#ff6600
TIMEFORCOLOR 7200
COLORFORTIME #ff6600
CDST 10890
--cdst GE tfc COUNTDOWN_COLOR=#ff6600
===COLOR_PAIR 14400:#ff0000
TIMEFORCOLOR 14400
COLORFORTIME #ff0000
CDST 10890
{ "full_text":"test -03:02 ", "color": "#ff6600", "name": "countdown-test" },
===============================
buildCountDown
COLORLIST_FF 0:#ffff00,7200:#ff6600,14400:#ff0000
COLORBLINK_FF 
COLORBLINK #00ff00:#00ff00
===COLOR_PAIR 0:#ffff00
TIMEFORCOLOR 0
COLORFORTIME #ffff00
CDST 10885
--cdst GE tfc COUNTDOWN_COLOR=#ffff00
===COLOR_PAIR 7200:#ff6600
TIMEFORCOLOR 7200
COLORFORTIME #ff6600
CDST 10885
--cdst GE tfc COUNTDOWN_COLOR=#ff6600
===COLOR_PAIR 14400:#ff0000
TIMEFORCOLOR 14400
COLORFORTIME #ff0000
CDST 10885
{ "full_text":"test -03:02 ", "color": "#ff6600", "name": "countdown-test" },
===============================
buildCountDown
COLORLIST_FF 0:#ffff00,7200:#ff6600,14400:#ff0000
COLORBLINK_FF 
COLORBLINK #00ff00:#00ff00
===COLOR_PAIR 0:#ffff00
TIMEFORCOLOR 0
COLORFORTIME #ffff00
CDST 10880
--cdst GE tfc COUNTDOWN_COLOR=#ffff00
===COLOR_PAIR 7200:#ff6600
TIMEFORCOLOR 7200
COLORFORTIME #ff6600
CDST 10880
--cdst GE tfc COUNTDOWN_COLOR=#ff6600
===COLOR_PAIR 14400:#ff0000
TIMEFORCOLOR 14400
COLORFORTIME #ff0000
CDST 10880
{ "full_text":"test -03:02 ", "color": "#ff6600", "name": "countdown-test" },
===============================
buildCountDown
COLORLIST_FF 0:#ffff00,7200:#ff6600,14400:#ff0000
COLORBLINK_FF 
COLORBLINK #00ff00:#00ff00
===COLOR_PAIR 0:#ffff00
TIMEFORCOLOR 0
COLORFORTIME #ffff00
CDST 10875
--cdst GE tfc COUNTDOWN_COLOR=#ffff00
===COLOR_PAIR 7200:#ff6600
TIMEFORCOLOR 7200
COLORFORTIME #ff6600
CDST 10875
--cdst GE tfc COUNTDOWN_COLOR=#ff6600
===COLOR_PAIR 14400:#ff0000
TIMEFORCOLOR 14400
COLORFORTIME #ff0000
CDST 10875
{ "full_text":"test -03:02 ", "color": "#ff6600", "name": "countdown-test" },
===============================
buildCountDown
COLORLIST_FF 0:#ffff00,7200:#ff6600,14400:#ff0000
COLORBLINK_FF 
COLORBLINK #00ff00:#00ff00
===COLOR_PAIR 0:#ffff00
TIMEFORCOLOR 0
COLORFORTIME #ffff00
CDST 10870
--cdst GE tfc COUNTDOWN_COLOR=#ffff00
===COLOR_PAIR 7200:#ff6600
TIMEFORCOLOR 7200
COLORFORTIME #ff6600
CDST 10870
--cdst GE tfc COUNTDOWN_COLOR=#ff6600
===COLOR_PAIR 14400:#ff0000
TIMEFORCOLOR 14400
COLORFORTIME #ff0000
CDST 10870
{ "full_text":"test -03:02 ", "color": "#ff6600", "name": "countdown-test" },
===============================
buildCountDown
COLORLIST_FF 0:#ffff00,7200:#ff6600,14400:#ff0000
COLORBLINK_FF 
COLORBLINK #00ff00:#00ff00
===COLOR_PAIR 0:#ffff00
TIMEFORCOLOR 0
COLORFORTIME #ffff00
CDST 10865
--cdst GE tfc COUNTDOWN_COLOR=#ffff00
===COLOR_PAIR 7200:#ff6600
TIMEFORCOLOR 7200
COLORFORTIME #ff6600
CDST 10865
--cdst GE tfc COUNTDOWN_COLOR=#ff6600
===COLOR_PAIR 14400:#ff0000
TIMEFORCOLOR 14400
COLORFORTIME #ff0000
CDST 10865
{ "full_text":"test -03:02 ", "color": "#ff6600", "name": "countdown-test" },
===============================
buildCountDown
COLORLIST_FF 0:#ffff00,7200:#ff6600,14400:#ff0000
COLORBLINK_FF 
COLORBLINK #00ff00:#00ff00
===COLOR_PAIR 0:#ffff00
TIMEFORCOLOR 0
COLORFORTIME #ffff00
CDST 10860
--cdst GE tfc COUNTDOWN_COLOR=#ffff00
===COLOR_PAIR 7200:#ff6600
TIMEFORCOLOR 7200
COLORFORTIME #ff6600
CDST 10860
--cdst GE tfc COUNTDOWN_COLOR=#ff6600
===COLOR_PAIR 14400:#ff0000
TIMEFORCOLOR 14400
COLORFORTIME #ff0000
CDST 10860
{ "full_text":"test -03:01 ", "color": "#ff6600", "name": "countdown-test" },
===============================
buildCountDown
COLORLIST_FF 0:#ffff00,7200:#ff6600,14400:#ff0000
COLORBLINK_FF 
COLORBLINK #00ff00:#00ff00
===COLOR_PAIR 0:#ffff00
TIMEFORCOLOR 0
COLORFORTIME #ffff00
CDST 10855
--cdst GE tfc COUNTDOWN_COLOR=#ffff00
===COLOR_PAIR 7200:#ff6600
TIMEFORCOLOR 7200
COLORFORTIME #ff6600
CDST 10855
--cdst GE tfc COUNTDOWN_COLOR=#ff6600
===COLOR_PAIR 14400:#ff0000
TIMEFORCOLOR 14400
COLORFORTIME #ff0000
CDST 10855
{ "full_text":"test -03:01 ", "color": "#ff6600", "name": "countdown-test" },
===============================
buildCountDown
COLORLIST_FF 0:#ffff00,7200:#ff6600,14400:#ff0000
COLORBLINK_FF 
COLORBLINK #00ff00:#00ff00
===COLOR_PAIR 0:#ffff00
TIMEFORCOLOR 0
COLORFORTIME #ffff00
CDST 10850
--cdst GE tfc COUNTDOWN_COLOR=#ffff00
===COLOR_PAIR 7200:#ff6600
TIMEFORCOLOR 7200
COLORFORTIME #ff6600
CDST 10850
--cdst GE tfc COUNTDOWN_COLOR=#ff6600
===COLOR_PAIR 14400:#ff0000
TIMEFORCOLOR 14400
COLORFORTIME #ff0000
CDST 10850
{ "full_text":"test -03:01 ", "color": "#ff6600", "name": "countdown-test" },
===============================
buildCountDown
COLORLIST_FF 0:#ffff00,7200:#ff6600,14400:#ff0000
COLORBLINK_FF 
COLORBLINK #00ff00:#00ff00
===COLOR_PAIR 0:#ffff00
TIMEFORCOLOR 0
COLORFORTIME #ffff00
CDST 10845
--cdst GE tfc COUNTDOWN_COLOR=#ffff00
===COLOR_PAIR 7200:#ff6600
TIMEFORCOLOR 7200
COLORFORTIME #ff6600
CDST 10845
--cdst GE tfc COUNTDOWN_COLOR=#ff6600
===COLOR_PAIR 14400:#ff0000
TIMEFORCOLOR 14400
COLORFORTIME #ff0000
CDST 10845
{ "full_text":"test -03:01 ", "color": "#ff6600", "name": "countdown-test" },
===============================
buildCountDown
COLORLIST_FF 0:#ffff00,7200:#ff6600,14400:#ff0000
COLORBLINK_FF 
COLORBLINK #00ff00:#00ff00
===COLOR_PAIR 0:#ffff00
TIMEFORCOLOR 0
COLORFORTIME #ffff00
CDST 10840
--cdst GE tfc COUNTDOWN_COLOR=#ffff00
===COLOR_PAIR 7200:#ff6600
TIMEFORCOLOR 7200
COLORFORTIME #ff6600
CDST 10840
--cdst GE tfc COUNTDOWN_COLOR=#ff6600
===COLOR_PAIR 14400:#ff0000
TIMEFORCOLOR 14400
COLORFORTIME #ff0000
CDST 10840
{ "full_text":"test -03:01 ", "color": "#ff6600", "name": "countdown-test" },
===============================
buildCountDown
COLORLIST_FF 0:#ffff00,7200:#ff6600,14400:#ff0000
COLORBLINK_FF 
COLORBLINK #00ff00:#00ff00
===COLOR_PAIR 0:#ffff00
TIMEFORCOLOR 0
COLORFORTIME #ffff00
CDST 10835
--cdst GE tfc COUNTDOWN_COLOR=#ffff00
===COLOR_PAIR 7200:#ff6600
TIMEFORCOLOR 7200
COLORFORTIME #ff6600
CDST 10835
--cdst GE tfc COUNTDOWN_COLOR=#ff6600
===COLOR_PAIR 14400:#ff0000
TIMEFORCOLOR 14400
COLORFORTIME #ff0000
CDST 10835
{ "full_text":"test -03:01 ", "color": "#ff6600", "name": "countdown-test" },
===============================
buildCountDown
COLORLIST_FF 0:#ffff00,7200:#ff6600,14400:#ff0000
COLORBLINK_FF 
COLORBLINK #00ff00:#00ff00
===COLOR_PAIR 0:#ffff00
TIMEFORCOLOR 0
COLORFORTIME #ffff00
CDST 10830
--cdst GE tfc COUNTDOWN_COLOR=#ffff00
===COLOR_PAIR 7200:#ff6600
TIMEFORCOLOR 7200
COLORFORTIME #ff6600
CDST 10830
--cdst GE tfc COUNTDOWN_COLOR=#ff6600
===COLOR_PAIR 14400:#ff0000
TIMEFORCOLOR 14400
COLORFORTIME #ff0000
CDST 10830
{ "full_text":"test -03:01 ", "color": "#ff6600", "name": "countdown-test" },
===============================
buildCountDown
COLORLIST_FF 0:#ffff00,7200:#ff6600,14400:#ff0000
COLORBLINK_FF 
COLORBLINK #00ff00:#00ff00
===COLOR_PAIR 0:#ffff00
TIMEFORCOLOR 0
COLORFORTIME #ffff00
CDST 10825
--cdst GE tfc COUNTDOWN_COLOR=#ffff00
===COLOR_PAIR 7200:#ff6600
TIMEFORCOLOR 7200
COLORFORTIME #ff6600
CDST 10825
--cdst GE tfc COUNTDOWN_COLOR=#ff6600
===COLOR_PAIR 14400:#ff0000
TIMEFORCOLOR 14400
COLORFORTIME #ff0000
CDST 10825
{ "full_text":"test -03:01 ", "color": "#ff6600", "name": "countdown-test" },
===============================
buildCountDown
COLORLIST_FF 0:#ffff00,7200:#ff6600,14400:#ff0000
COLORBLINK_FF 
COLORBLINK #00ff00:#00ff00
===COLOR_PAIR 0:#ffff00
TIMEFORCOLOR 0
COLORFORTIME #ffff00
CDST 10820
--cdst GE tfc COUNTDOWN_COLOR=#ffff00
===COLOR_PAIR 7200:#ff6600
TIMEFORCOLOR 7200
COLORFORTIME #ff6600
CDST 10820
--cdst GE tfc COUNTDOWN_COLOR=#ff6600
===COLOR_PAIR 14400:#ff0000
TIMEFORCOLOR 14400
COLORFORTIME #ff0000
CDST 10820
{ "full_text":"test -03:01 ", "color": "#ff6600", "name": "countdown-test" },
===============================
buildCountDown
COLORLIST_FF 0:#ffff00,7200:#ff6600,14400:#ff0000
COLORBLINK_FF 
COLORBLINK #00ff00:#00ff00
===COLOR_PAIR 0:#ffff00
TIMEFORCOLOR 0
COLORFORTIME #ffff00
CDST 10815
--cdst GE tfc COUNTDOWN_COLOR=#ffff00
===COLOR_PAIR 7200:#ff6600
TIMEFORCOLOR 7200
COLORFORTIME #ff6600
CDST 10815
--cdst GE tfc COUNTDOWN_COLOR=#ff6600
===COLOR_PAIR 14400:#ff0000
TIMEFORCOLOR 14400
COLORFORTIME #ff0000
CDST 10815
{ "full_text":"test -03:01 ", "color": "#ff6600", "name": "countdown-test" },
===============================
buildCountDown
COLORLIST_FF 0:#ffff00,7200:#ff6600,14400:#ff0000
COLORBLINK_FF 
COLORBLINK #00ff00:#00ff00
===COLOR_PAIR 0:#ffff00
TIMEFORCOLOR 0
COLORFORTIME #ffff00
CDST 10810
--cdst GE tfc COUNTDOWN_COLOR=#ffff00
===COLOR_PAIR 7200:#ff6600
TIMEFORCOLOR 7200
COLORFORTIME #ff6600
CDST 10810
--cdst GE tfc COUNTDOWN_COLOR=#ff6600
===COLOR_PAIR 14400:#ff0000
TIMEFORCOLOR 14400
COLORFORTIME #ff0000
CDST 10810
{ "full_text":"test -03:01 ", "color": "#ff6600", "name": "countdown-test" },
===============================
buildCountDown
COLORLIST_FF 0:#ffff00,7200:#ff6600,14400:#ff0000
COLORBLINK_FF 
COLORBLINK #00ff00:#00ff00
===COLOR_PAIR 0:#ffff00
TIMEFORCOLOR 0
COLORFORTIME #ffff00
CDST 10800
--cdst GE tfc COUNTDOWN_COLOR=#ffff00
===COLOR_PAIR 7200:#ff6600
TIMEFORCOLOR 7200
COLORFORTIME #ff6600
CDST 10800
--cdst GE tfc COUNTDOWN_COLOR=#ff6600
===COLOR_PAIR 14400:#ff0000
TIMEFORCOLOR 14400
COLORFORTIME #ff0000
CDST 10800
{ "full_text":"test -03:00 ", "color": "#ff6600", "name": "countdown-test" },
===============================
buildCountDown
COLORLIST_FF 0:#ffff00,7200:#ff6600,14400:#ff0000
COLORBLINK_FF 
COLORBLINK #00ff00:#00ff00
===COLOR_PAIR 0:#ffff00
TIMEFORCOLOR 0
COLORFORTIME #ffff00
CDST 10795
--cdst GE tfc COUNTDOWN_COLOR=#ffff00
===COLOR_PAIR 7200:#ff6600
TIMEFORCOLOR 7200
COLORFORTIME #ff6600
CDST 10795
--cdst GE tfc COUNTDOWN_COLOR=#ff6600
===COLOR_PAIR 14400:#ff0000
TIMEFORCOLOR 14400
COLORFORTIME #ff0000
CDST 10795
{ "full_text":"test -03:00 ", "color": "#ff6600", "name": "countdown-test" },
===============================
buildCountDown
COLORLIST_FF 0:#ffff00,7200:#ff6600,14400:#ff0000
COLORLIST 0:#ffff00,7200:#ff6600,14400:#ff0000
==
COLORBLINK_FF 
COLORBLINK #00ff00:#00ff00
===COLOR_PAIR 0:#ffff00
TIMEFORCOLOR 0
COLORFORTIME #ffff00
CDST 10790
--cdst GE tfc COUNTDOWN_COLOR=#ffff00
===COLOR_PAIR 7200:#ff6600
TIMEFORCOLOR 7200
COLORFORTIME #ff6600
CDST 10790
--cdst GE tfc COUNTDOWN_COLOR=#ff6600
===COLOR_PAIR 14400:#ff0000
TIMEFORCOLOR 14400
COLORFORTIME #ff0000
CDST 10790
{ "full_text":"test -03:00 ", "color": "#ff6600", "name": "countdown-test" },
===============================
buildCountDown
COLORLIST_FF 0:#ffff00,7200:#ff6600,14400:#ff0000
COLORLIST 0:#ffff00,7200:#ff6600,14400:#ff0000
==
COLORBLINK_FF 
COLORBLINK #00ff00:#00ff00
===COLOR_PAIR 0:#ffff00
TIMEFORCOLOR 0
COLORFORTIME #ffff00
CDST 10785
--cdst GE tfc COUNTDOWN_COLOR=#ffff00
===COLOR_PAIR 7200:#ff6600
TIMEFORCOLOR 7200
COLORFORTIME #ff6600
CDST 10785
--cdst GE tfc COUNTDOWN_COLOR=#ff6600
===COLOR_PAIR 14400:#ff0000
TIMEFORCOLOR 14400
COLORFORTIME #ff0000
CDST 10785
{ "full_text":"test -03:00 ", "color": "#ff6600", "name": "countdown-test" },
===============================
buildCountDown
COLORLIST_FF 0:#ffff00,7200:#ff6600,14400:#ff0000
COLORLIST 0:#ffff00,7200:#ff6600,14400:#ff0000
==
COLORBLINK_FF 
COLORBLINK #00ff00:#00ff00
===COLOR_PAIR 0:#ffff00
TIMEFORCOLOR 0
COLORFORTIME #ffff00
CDST 10780
--cdst GE tfc COUNTDOWN_COLOR=#ffff00
===COLOR_PAIR 7200:#ff6600
TIMEFORCOLOR 7200
COLORFORTIME #ff6600
CDST 10780
--cdst GE tfc COUNTDOWN_COLOR=#ff6600
===COLOR_PAIR 14400:#ff0000
TIMEFORCOLOR 14400
COLORFORTIME #ff0000
CDST 10780
{ "full_text":"test -03:00 ", "color": "#ff6600", "name": "countdown-test" },
===============================
buildCountDown
COLORLIST_FF 0:#ffff00,7200:#ff6600,14400:#ff0000
COLORLIST 0:#ffff00,7200:#ff6600,14400:#ff0000
==
COLORBLINK_FF 
COLORBLINK #00ff00:#00ff00
===COLOR_PAIR 0:#ffff00
TIMEFORCOLOR 0
COLORFORTIME #ffff00
CDST 10775
--cdst GE tfc COUNTDOWN_COLOR=#ffff00
===COLOR_PAIR 7200:#ff6600
TIMEFORCOLOR 7200
COLORFORTIME #ff6600
CDST 10775
--cdst GE tfc COUNTDOWN_COLOR=#ff6600
===COLOR_PAIR 14400:#ff0000
TIMEFORCOLOR 14400
COLORFORTIME #ff0000
CDST 10775
{ "full_text":"test -03:00 ", "color": "#ff6600", "name": "countdown-test" },
===============================
buildCountDown
COLORLIST_FF 2022-08-05T11:30:00+02:00
COLORLIST 2022-08-05T11:30:00+02:00
==
COLORBLINK_FF 2022-08-05T11:30:00+02:00
COLORBLINK 2022-08-05T11:30:00+02:00
===COLOR_PAIR 2022-08-05T11:30:00+02:00
TIMEFORCOLOR 2022-08-05T11
COLORFORTIME 30
CDST 10770
{ "full_text":"test -03:00 ", "color": "2022-08-05T11", "name": "countdown-test" },
===============================
buildCountDown
COLORLIST_FF 2022-08-05T11:30:00+02:00
COLORLIST 2022-08-05T11:30:00+02:00
==
COLORBLINK_FF 2022-08-05T11:30:00+02:00
COLORBLINK 2022-08-05T11:30:00+02:00
===COLOR_PAIR 2022-08-05T11:30:00+02:00
TIMEFORCOLOR 2022-08-05T11
COLORFORTIME 30
CDST 10765
{ "full_text":"test -03:00 ", "color": "30", "name": "countdown-test" },
===============================
buildCountDown
COLORLIST_FF 2022-08-05T11:30:00+02:00
COLORLIST 2022-08-05T11:30:00+02:00
==
COLORBLINK_FF 2022-08-05T11:30:00+02:00
COLORBLINK 2022-08-05T11:30:00+02:00
===COLOR_PAIR 2022-08-05T11:30:00+02:00
TIMEFORCOLOR 2022-08-05T11
COLORFORTIME 30
CDST 10760
{ "full_text":"test -03:00 ", "color": "2022-08-05T11", "name": "countdown-test" },
===============================
buildCountDown
COLORLIST_FF 2022-08-05T11:30:00+02:00
COLORLIST 2022-08-05T11:30:00+02:00
==
COLORBLINK_FF 2022-08-05T11:30:00+02:00
COLORBLINK 2022-08-05T11:30:00+02:00
===COLOR_PAIR 2022-08-05T11:30:00+02:00
TIMEFORCOLOR 2022-08-05T11
COLORFORTIME 30
CDST 10755
{ "full_text":"test -03:00 ", "color": "30", "name": "countdown-test" },
===============================
buildCountDown
COLORLIST_FF 2022-08-05T11:30:00+02:00
COLORLIST 2022-08-05T11:30:00+02:00
==
COLORBLINK_FF 2022-08-05T11:30:00+02:00
COLORBLINK 2022-08-05T11:30:00+02:00
===COLOR_PAIR 2022-08-05T11:30:00+02:00
TIMEFORCOLOR 2022-08-05T11
COLORFORTIME 30
CDST 10750
{ "full_text":"test -03:00 ", "color": "2022-08-05T11", "name": "countdown-test" },
===============================
buildCountDown
COLORLIST_FF 2022-08-05T11:30:00+02:00
COLORLIST 2022-08-05T11:30:00+02:00
==
COLORBLINK_FF 2022-08-05T11:30:00+02:00
COLORBLINK 2022-08-05T11:30:00+02:00
===COLOR_PAIR 2022-08-05T11:30:00+02:00
TIMEFORCOLOR 2022-08-05T11
COLORFORTIME 30
CDST 10745
{ "full_text":"test -03:00 ", "color": "30", "name": "countdown-test" },
===============================
buildCountDown
COLORLIST_FF 2022-08-05T11:30:00+02:00
COLORLIST 2022-08-05T11:30:00+02:00
==
COLORBLINK_FF 2022-08-05T11:30:00+02:00
COLORBLINK 2022-08-05T11:30:00+02:00
===COLOR_PAIR 2022-08-05T11:30:00+02:00
TIMEFORCOLOR 2022-08-05T11
COLORFORTIME 30
CDST 10740
{ "full_text":"test -02:59 ", "color": "2022-08-05T11", "name": "countdown-test" },
===============================
buildCountDown
COLORLIST_FF 
COLORLIST 14400:#ff0000,7200:#ff6600,0:#ffff00
==
COLORBLINK_FF 
COLORBLINK #00ff00:#00ff00
===COLOR_PAIR 14400:#ff0000
TIMEFORCOLOR 14400
COLORFORTIME #ff0000
CDST 10520
===COLOR_PAIR 7200:#ff6600
TIMEFORCOLOR 7200
COLORFORTIME #ff6600
CDST 10520
--cdst GE tfc COUNTDOWN_COLOR=#ff6600
===COLOR_PAIR 0:#ffff00
TIMEFORCOLOR 0
COLORFORTIME #ffff00
CDST 10520
--cdst GE tfc COUNTDOWN_COLOR=#ffff00
{ "full_text":"test -02:56 ", "color": "#ffff00", "name": "countdown-test" },
===============================
buildCountDown
COLORLIST_FF 
COLORLIST 14400:#ff0000,7200:#ff6600,0:#ffff00
==
COLORBLINK_FF 
COLORBLINK #00ff00:#00ff00
===COLOR_PAIR 14400:#ff0000
TIMEFORCOLOR 14400
COLORFORTIME #ff0000
CDST 10515
===COLOR_PAIR 7200:#ff6600
TIMEFORCOLOR 7200
COLORFORTIME #ff6600
CDST 10515
--cdst GE tfc COUNTDOWN_COLOR=#ff6600
===COLOR_PAIR 0:#ffff00
TIMEFORCOLOR 0
COLORFORTIME #ffff00
CDST 10515
--cdst GE tfc COUNTDOWN_COLOR=#ffff00
{ "full_text":"test -02:56 ", "color": "#ffff00", "name": "countdown-test" },
===============================
buildCountDown
COLORLIST_FF 
COLORLIST 14400:#ff0000,7200:#ff6600,0:#ffff00
==
COLORBLINK_FF 
COLORBLINK #00ff00:#00ff00
===COLOR_PAIR 14400:#ff0000
TIMEFORCOLOR 14400
COLORFORTIME #ff0000
CDST 10510
===COLOR_PAIR 7200:#ff6600
TIMEFORCOLOR 7200
COLORFORTIME #ff6600
CDST 10510
--cdst GE tfc COUNTDOWN_COLOR=#ff6600
===COLOR_PAIR 0:#ffff00
TIMEFORCOLOR 0
COLORFORTIME #ffff00
CDST 10510
--cdst GE tfc COUNTDOWN_COLOR=#ffff00
{ "full_text":"test -02:56 ", "color": "#ffff00", "name": "countdown-test" },
===============================
buildCountDown
COLORLIST_FF 0:#ffff00,7200:#ff6600,14400:#ff0000
COLORLIST 0:#ffff00,7200:#ff6600,14400:#ff0000
==
COLORBLINK_FF #00ff00:#00ff00
COLORBLINK #00ff00:#00ff00
===COLOR_PAIR 0:#ffff00
TIMEFORCOLOR 0
COLORFORTIME #ffff00
CDST 10340
--cdst GE tfc COUNTDOWN_COLOR=#ffff00
===COLOR_PAIR 7200:#ff6600
TIMEFORCOLOR 7200
COLORFORTIME #ff6600
CDST 10340
--cdst GE tfc COUNTDOWN_COLOR=#ff6600
===COLOR_PAIR 14400:#ff0000
TIMEFORCOLOR 14400
COLORFORTIME #ff0000
CDST 10340
{ "full_text":"test -02:53 ", "color": "#ff6600", "name": "countdown-test" },
===============================
buildCountDown
COLORLIST_FF 0:#ffff00,7200:#ff6600,14400:#ff0000
COLORLIST 0:#ffff00,7200:#ff6600,14400:#ff0000
==
COLORBLINK_FF #00ff00:#00ff00
COLORBLINK #00ff00:#00ff00
===COLOR_PAIR 0:#ffff00
TIMEFORCOLOR 0
COLORFORTIME #ffff00
CDST 10335
--cdst GE tfc COUNTDOWN_COLOR=#ffff00
===COLOR_PAIR 7200:#ff6600
TIMEFORCOLOR 7200
COLORFORTIME #ff6600
CDST 10335
--cdst GE tfc COUNTDOWN_COLOR=#ff6600
===COLOR_PAIR 14400:#ff0000
TIMEFORCOLOR 14400
COLORFORTIME #ff0000
CDST 10335
{ "full_text":"test -02:53 ", "color": "#ff6600", "name": "countdown-test" },
===============================
buildCountDown
COLORLIST_FF 0:#ffff00,7200:#ff6600,14400:#ff0000
COLORLIST 0:#ffff00,7200:#ff6600,14400:#ff0000
==
COLORBLINK_FF #00ff00:#00ff00
COLORBLINK #00ff00:#00ff00
===COLOR_PAIR 0:#ffff00
TIMEFORCOLOR 0
COLORFORTIME #ffff00
CDST 10330
--cdst GE tfc COUNTDOWN_COLOR=#ffff00
===COLOR_PAIR 7200:#ff6600
TIMEFORCOLOR 7200
COLORFORTIME #ff6600
CDST 10330
--cdst GE tfc COUNTDOWN_COLOR=#ff6600
===COLOR_PAIR 14400:#ff0000
TIMEFORCOLOR 14400
COLORFORTIME #ff0000
CDST 10330
{ "full_text":"test -02:53 ", "color": "#ff6600", "name": "countdown-test" },
===============================
buildCountDown
COLORLIST_FF 0:#ffff00,7200:#ff6600,14400:#ff0000
COLORLIST 0:#ffff00,7200:#ff6600,14400:#ff0000
==
COLORBLINK_FF #00ff00:#00ff00
COLORBLINK #00ff00:#00ff00
===COLOR_PAIR 0:#ffff00
TIMEFORCOLOR 0
COLORFORTIME #ffff00
CDST 10325
--cdst GE tfc COUNTDOWN_COLOR=#ffff00
===COLOR_PAIR 7200:#ff6600
TIMEFORCOLOR 7200
COLORFORTIME #ff6600
CDST 10325
--cdst GE tfc COUNTDOWN_COLOR=#ff6600
===COLOR_PAIR 14400:#ff0000
TIMEFORCOLOR 14400
COLORFORTIME #ff0000
CDST 10325
{ "full_text":"test -02:53 ", "color": "#ff6600", "name": "countdown-test" },
===============================
buildCountDown
COLORLIST_FF 0:#ffff00,7200:#ff6600,14400:#ff0000
COLORLIST 0:#ffff00,7200:#ff6600,14400:#ff0000
==
COLORBLINK_FF #00ff00:#00ff00
COLORBLINK #00ff00:#00ff00
===COLOR_PAIR 0:#ffff00
TIMEFORCOLOR 0
COLORFORTIME #ffff00
CDST 10320
--cdst GE tfc COUNTDOWN_COLOR=#ffff00
===COLOR_PAIR 7200:#ff6600
TIMEFORCOLOR 7200
COLORFORTIME #ff6600
CDST 10320
--cdst GE tfc COUNTDOWN_COLOR=#ff6600
===COLOR_PAIR 14400:#ff0000
TIMEFORCOLOR 14400
COLORFORTIME #ff0000
CDST 10320
{ "full_text":"test -02:52 ", "color": "#ff6600", "name": "countdown-test" },
===============================
buildCountDown
COLORLIST_FF 0:#ffff00,7200:#ff6600,14400:#ff0000
COLORLIST 0:#ffff00,7200:#ff6600,14400:#ff0000
==
COLORBLINK_FF #00ff00:#00ff00
COLORBLINK #00ff00:#00ff00
===COLOR_PAIR 0:#ffff00
TIMEFORCOLOR 0
COLORFORTIME #ffff00
CDST 10315
--cdst GE tfc COUNTDOWN_COLOR=#ffff00
===COLOR_PAIR 7200:#ff6600
TIMEFORCOLOR 7200
COLORFORTIME #ff6600
CDST 10315
--cdst GE tfc COUNTDOWN_COLOR=#ff6600
===COLOR_PAIR 14400:#ff0000
TIMEFORCOLOR 14400
COLORFORTIME #ff0000
CDST 10315
{ "full_text":"test -02:52 ", "color": "#ff6600", "name": "countdown-test" },
===============================
buildCountDown
COLORLIST_FF 0:#ffff00,7200:#ff6600,14400:#ff0000
COLORLIST 0:#ffff00,7200:#ff6600,14400:#ff0000
==
COLORBLINK_FF #00ff00:#00ff00
COLORBLINK #00ff00:#00ff00
===COLOR_PAIR 0:#ffff00
TIMEFORCOLOR 0
COLORFORTIME #ffff00
CDST 55
--cdst GE tfc COUNTDOWN_COLOR=#ffff00
===COLOR_PAIR 7200:#ff6600
TIMEFORCOLOR 7200
COLORFORTIME #ff6600
CDST 55
===COLOR_PAIR 14400:#ff0000
TIMEFORCOLOR 14400
COLORFORTIME #ff0000
CDST 55
{ "full_text":"test -00:01 ", "color": "#ffff00", "name": "countdown-test" },
===============================
buildCountDown
COLORLIST_FF 0:#ffff00,7200:#ff6600,14400:#ff0000
COLORLIST 0:#ffff00,7200:#ff6600,14400:#ff0000
==
COLORBLINK_FF #00ff00:#00ff00
COLORBLINK #00ff00:#00ff00
===COLOR_PAIR 0:#ffff00
TIMEFORCOLOR 0
COLORFORTIME #ffff00
CDST 50
--cdst GE tfc COUNTDOWN_COLOR=#ffff00
===COLOR_PAIR 7200:#ff6600
TIMEFORCOLOR 7200
COLORFORTIME #ff6600
CDST 50
===COLOR_PAIR 14400:#ff0000
TIMEFORCOLOR 14400
COLORFORTIME #ff0000
CDST 50
{ "full_text":"test -00:01 ", "color": "#ffff00", "name": "countdown-test" },
===============================
buildCountDown
COLORLIST_FF 0:#ffff00,7200:#ff6600,14400:#ff0000
COLORLIST 0:#ffff00,7200:#ff6600,14400:#ff0000
==
COLORBLINK_FF #00ff00:#00ff00
COLORBLINK #00ff00:#00ff00
===COLOR_PAIR 0:#ffff00
TIMEFORCOLOR 0
COLORFORTIME #ffff00
CDST 45
--cdst GE tfc COUNTDOWN_COLOR=#ffff00
===COLOR_PAIR 7200:#ff6600
TIMEFORCOLOR 7200
COLORFORTIME #ff6600
CDST 45
===COLOR_PAIR 14400:#ff0000
TIMEFORCOLOR 14400
COLORFORTIME #ff0000
CDST 45
{ "full_text":"test -00:01 ", "color": "#ffff00", "name": "countdown-test" },
===============================
buildCountDown
COLORLIST_FF 0:#ffff00,7200:#ff6600,14400:#ff0000
COLORLIST 0:#ffff00,7200:#ff6600,14400:#ff0000
==
COLORBLINK_FF #00ff00:#00ff00
COLORBLINK #00ff00:#00ff00
===COLOR_PAIR 0:#ffff00
TIMEFORCOLOR 0
COLORFORTIME #ffff00
CDST 40
--cdst GE tfc COUNTDOWN_COLOR=#ffff00
===COLOR_PAIR 7200:#ff6600
TIMEFORCOLOR 7200
COLORFORTIME #ff6600
CDST 40
===COLOR_PAIR 14400:#ff0000
TIMEFORCOLOR 14400
COLORFORTIME #ff0000
CDST 40
{ "full_text":"test -00:01 ", "color": "#ffff00", "name": "countdown-test" },
===============================
buildCountDown
COLORLIST_FF 0:#ffff00,7200:#ff6600,14400:#ff0000
COLORLIST 0:#ffff00,7200:#ff6600,14400:#ff0000
==
COLORBLINK_FF #00ff00:#00ff00
COLORBLINK #00ff00:#00ff00
===COLOR_PAIR 0:#ffff00
TIMEFORCOLOR 0
COLORFORTIME #ffff00
CDST 15
--cdst GE tfc COUNTDOWN_COLOR=#ffff00
===COLOR_PAIR 7200:#ff6600
TIMEFORCOLOR 7200
COLORFORTIME #ff6600
CDST 15
===COLOR_PAIR 14400:#ff0000
TIMEFORCOLOR 14400
COLORFORTIME #ff0000
CDST 15
{ "full_text":"test -00:01 ", "color": "#ffff00", "name": "countdown-test" },
===============================
buildCountDown
COLORLIST_FF 0:#ffff00,7200:#ff6600,14400:#ff0000
COLORLIST 0:#ffff00,7200:#ff6600,14400:#ff0000
==
COLORBLINK_FF #00ff00:#00ff00
COLORBLINK #00ff00:#00ff00
===COLOR_PAIR 0:#ffff00
TIMEFORCOLOR 0
COLORFORTIME #ffff00
CDST 10
--cdst GE tfc COUNTDOWN_COLOR=#ffff00
===COLOR_PAIR 7200:#ff6600
TIMEFORCOLOR 7200
COLORFORTIME #ff6600
CDST 10
===COLOR_PAIR 14400:#ff0000
TIMEFORCOLOR 14400
COLORFORTIME #ff0000
CDST 10
{ "full_text":"test -00:01 ", "color": "#ffff00", "name": "countdown-test" },
===============================
buildCountDown
COLORLIST_FF 0:#ffff00,7200:#ff6600,14400:#ff0000
COLORLIST 0:#ffff00,7200:#ff6600,14400:#ff0000
==
COLORBLINK_FF #00ff00:#00ff00
COLORBLINK #00ff00:#00ff00
===COLOR_PAIR 0:#ffff00
TIMEFORCOLOR 0
COLORFORTIME #ffff00
CDST 5
--cdst GE tfc COUNTDOWN_COLOR=#ffff00
===COLOR_PAIR 7200:#ff6600
TIMEFORCOLOR 7200
COLORFORTIME #ff6600
CDST 5
===COLOR_PAIR 14400:#ff0000
TIMEFORCOLOR 14400
COLORFORTIME #ff0000
CDST 5
{ "full_text":"test -00:01 ", "color": "#ffff00", "name": "countdown-test" },
===============================
buildCountDown
COLORLIST_FF 0:#ffff00,7200:#ff6600,14400:#ff0000
COLORLIST 0:#ffff00,7200:#ff6600,14400:#ff0000
==
COLORBLINK_FF #00ff00:#00ff00
COLORBLINK #00ff00:#00ff00
===COLOR_PAIR 0:#ffff00
TIMEFORCOLOR 0
COLORFORTIME #ffff00
CDST 0
--cdst GE tfc COUNTDOWN_COLOR=#ffff00
===COLOR_PAIR 7200:#ff6600
TIMEFORCOLOR 7200
COLORFORTIME #ff6600
CDST 0
===COLOR_PAIR 14400:#ff0000
TIMEFORCOLOR 14400
COLORFORTIME #ff0000
CDST 0
{ "full_text":"test -00:00 ", "color": "#ffff00", "name": "countdown-test" },
===============================
buildCountDown
COLORLIST_FF 0:#ffff00,7200:#ff6600,14400:#ff0000
COLORLIST 0:#ffff00,7200:#ff6600,14400:#ff0000
==
COLORBLINK_FF #00ff00:#00ff00
COLORBLINK #00ff00:#00ff00
===COLOR_PAIR 0:#ffff00
TIMEFORCOLOR 0
COLORFORTIME #ffff00
CDST 0
--cdst GE tfc COUNTDOWN_COLOR=#ffff00
===COLOR_PAIR 7200:#ff6600
TIMEFORCOLOR 7200
COLORFORTIME #ff6600
CDST 0
===COLOR_PAIR 14400:#ff0000
TIMEFORCOLOR 14400
COLORFORTIME #ff0000
CDST 0
{ "full_text":"test -00:00 ", "color": "#ffff00", "name": "countdown-test" },
===============================
buildCountDown
COLORLIST_FF 0:#ffff00,7200:#ff6600,14400:#ff0000
COLORLIST 0:#ffff00,7200:#ff6600,14400:#ff0000
==
COLORBLINK_FF #00ff00:#00ff00
COLORBLINK #00ff00:#00ff00
===COLOR_PAIR 0:#ffff00
TIMEFORCOLOR 0
COLORFORTIME #ffff00
CDST -5
===COLOR_PAIR 7200:#ff6600
TIMEFORCOLOR 7200
COLORFORTIME #ff6600
CDST -5
===COLOR_PAIR 14400:#ff0000
TIMEFORCOLOR 14400
COLORFORTIME #ff0000
CDST -5
{ "full_text":"test +00:00 ", "color": "#00ff00", "name": "countdown-test" },
===============================
buildCountDown
COLORLIST_FF 0:#ffff00,7200:#ff6600,14400:#ff0000
COLORLIST 0:#ffff00,7200:#ff6600,14400:#ff0000
==
COLORBLINK_FF #00ff00:#00ff00
COLORBLINK #00ff00:#00ff00
===COLOR_PAIR 0:#ffff00
TIMEFORCOLOR 0
COLORFORTIME #ffff00
CDST -10
===COLOR_PAIR 7200:#ff6600
TIMEFORCOLOR 7200
COLORFORTIME #ff6600
CDST -10
===COLOR_PAIR 14400:#ff0000
TIMEFORCOLOR 14400
COLORFORTIME #ff0000
CDST -10
{ "full_text":"test +00:00 ", "color": "#00ff00", "name": "countdown-test" },
===============================
buildCountDown
COLORLIST_FF 0:#ffff00,7200:#ff6600,14400:#ff0000
COLORLIST 0:#ffff00,7200:#ff6600,14400:#ff0000
==
COLORBLINK_FF #00ff00:#00ff00
COLORBLINK #00ff00:#00ff00
===COLOR_PAIR 0:#ffff00
TIMEFORCOLOR 0
COLORFORTIME #ffff00
CDST -15
===COLOR_PAIR 7200:#ff6600
TIMEFORCOLOR 7200
COLORFORTIME #ff6600
CDST -15
===COLOR_PAIR 14400:#ff0000
TIMEFORCOLOR 14400
COLORFORTIME #ff0000
CDST -15
{ "full_text":"test +00:00 ", "color": "#00ff00", "name": "countdown-test" },
===============================
buildCountDown
COLORLIST_FF 0:#ffff00,7200:#ff6600,14400:#ff0000
COLORLIST 0:#ffff00,7200:#ff6600,14400:#ff0000
==
COLORBLINK_FF #00ff00:#00ff00
COLORBLINK #00ff00:#00ff00
===COLOR_PAIR 0:#ffff00
TIMEFORCOLOR 0
COLORFORTIME #ffff00
CDST -20
===COLOR_PAIR 7200:#ff6600
TIMEFORCOLOR 7200
COLORFORTIME #ff6600
CDST -20
===COLOR_PAIR 14400:#ff0000
TIMEFORCOLOR 14400
COLORFORTIME #ff0000
CDST -20
{ "full_text":"test +00:00 ", "color": "#00ff00", "name": "countdown-test" },
===============================
buildCountDown
COLORLIST_FF 0:#ffff00,7200:#ff6600,14400:#ff0000
COLORLIST 0:#ffff00,7200:#ff6600,14400:#ff0000
==
COLORBLINK_FF #00ff00:#ff0000
COLORBLINK #00ff00:#ff0000
===COLOR_PAIR 0:#ffff00
TIMEFORCOLOR 0
COLORFORTIME #ffff00
CDST -25
===COLOR_PAIR 7200:#ff6600
TIMEFORCOLOR 7200
COLORFORTIME #ff6600
CDST -25
===COLOR_PAIR 14400:#ff0000
TIMEFORCOLOR 14400
COLORFORTIME #ff0000
CDST -25
{ "full_text":"test +00:00 ", "color": "#ff0000", "name": "countdown-test" },
===============================
buildCountDown
COLORLIST_FF 0:#ffff00,7200:#ff6600,14400:#ff0000
COLORLIST 0:#ffff00,7200:#ff6600,14400:#ff0000
==
COLORBLINK_FF #00ff00:#ff0000
COLORBLINK #00ff00:#ff0000
===COLOR_PAIR 0:#ffff00
TIMEFORCOLOR 0
COLORFORTIME #ffff00
CDST -30
===COLOR_PAIR 7200:#ff6600
TIMEFORCOLOR 7200
COLORFORTIME #ff6600
CDST -30
===COLOR_PAIR 14400:#ff0000
TIMEFORCOLOR 14400
COLORFORTIME #ff0000
CDST -30
{ "full_text":"test +00:00 ", "color": "#00ff00", "name": "countdown-test" },
===============================
buildCountDown
COLORLIST_FF 0:#ffff00,7200:#ff6600,14400:#ff0000
COLORLIST 0:#ffff00,7200:#ff6600,14400:#ff0000
==
COLORBLINK_FF #00ff00:#ff0000
COLORBLINK #00ff00:#ff0000
===COLOR_PAIR 0:#ffff00
TIMEFORCOLOR 0
COLORFORTIME #ffff00
CDST -35
===COLOR_PAIR 7200:#ff6600
TIMEFORCOLOR 7200
COLORFORTIME #ff6600
CDST -35
===COLOR_PAIR 14400:#ff0000
TIMEFORCOLOR 14400
COLORFORTIME #ff0000
CDST -35
{ "full_text":"test +00:00 ", "color": "#ff0000", "name": "countdown-test" },
===============================
buildCountDown
COLORLIST_FF 0:#ffff00,7200:#ff6600,14400:#ff0000
COLORLIST 0:#ffff00,7200:#ff6600,14400:#ff0000
==
COLORBLINK_FF #00ff00:#ff0000
COLORBLINK #00ff00:#ff0000
===COLOR_PAIR 0:#ffff00
TIMEFORCOLOR 0
COLORFORTIME #ffff00
CDST -40
===COLOR_PAIR 7200:#ff6600
TIMEFORCOLOR 7200
COLORFORTIME #ff6600
CDST -40
===COLOR_PAIR 14400:#ff0000
TIMEFORCOLOR 14400
COLORFORTIME #ff0000
CDST -40
{ "full_text":"test +00:00 ", "color": "#00ff00", "name": "countdown-test" },
===============================
buildCountDown
COLORLIST_FF 0:#ffff00,7200:#ff6600,14400:#ff0000
COLORLIST 0:#ffff00,7200:#ff6600,14400:#ff0000
==
COLORBLINK_FF #00ff00:#ff0000
COLORBLINK #00ff00:#ff0000
===COLOR_PAIR 0:#ffff00
TIMEFORCOLOR 0
COLORFORTIME #ffff00
CDST -45
===COLOR_PAIR 7200:#ff6600
TIMEFORCOLOR 7200
COLORFORTIME #ff6600
CDST -45
===COLOR_PAIR 14400:#ff0000
TIMEFORCOLOR 14400
COLORFORTIME #ff0000
CDST -45
{ "full_text":"test +00:00 ", "color": "#ff0000", "name": "countdown-test" },
===============================
buildCountDown
COLORLIST_FF 0:#ffff00,7200:#ff6600,14400:#ff0000
COLORLIST 0:#ffff00,7200:#ff6600,14400:#ff0000
==
COLORBLINK_FF #00ff00:#ff0000
COLORBLINK #00ff00:#ff0000
===COLOR_PAIR 0:#ffff00
TIMEFORCOLOR 0
COLORFORTIME #ffff00
CDST -50
===COLOR_PAIR 7200:#ff6600
TIMEFORCOLOR 7200
COLORFORTIME #ff6600
CDST -50
===COLOR_PAIR 14400:#ff0000
TIMEFORCOLOR 14400
COLORFORTIME #ff0000
CDST -50
{ "full_text":"test +00:00 ", "color": "#00ff00", "name": "countdown-test" },
===============================
buildCountDown
COLORLIST_FF 0:#ffff00,7200:#ff6600,14400:#ff0000
COLORLIST 0:#ffff00,7200:#ff6600,14400:#ff0000
==
COLORBLINK_FF #00ff00:#ff0000
COLORBLINK #00ff00:#ff0000
===COLOR_PAIR 0:#ffff00
TIMEFORCOLOR 0
COLORFORTIME #ffff00
CDST -55
===COLOR_PAIR 7200:#ff6600
TIMEFORCOLOR 7200
COLORFORTIME #ff6600
CDST -55
===COLOR_PAIR 14400:#ff0000
TIMEFORCOLOR 14400
COLORFORTIME #ff0000
CDST -55
{ "full_text":"test +00:00 ", "color": "#ff0000", "name": "countdown-test" },
===============================
buildCountDown
COLORLIST_FF 0:#ffff00,7200:#ff6600,14400:#ff0000
COLORLIST 0:#ffff00,7200:#ff6600,14400:#ff0000
==
COLORBLINK_FF #00ff00:#ff0000
COLORBLINK #00ff00:#ff0000
===COLOR_PAIR 0:#ffff00
TIMEFORCOLOR 0
COLORFORTIME #ffff00
CDST -60
===COLOR_PAIR 7200:#ff6600
TIMEFORCOLOR 7200
COLORFORTIME #ff6600
CDST -60
===COLOR_PAIR 14400:#ff0000
TIMEFORCOLOR 14400
COLORFORTIME #ff0000
CDST -60
{ "full_text":"test +00:01 ", "color": "#00ff00", "name": "countdown-test" },
===============================
buildCountDown
COLORLIST_FF 0:#ffff00,7200:#ff6600,14400:#ff0000
COLORLIST 0:#ffff00,7200:#ff6600,14400:#ff0000
==
COLORBLINK_FF #00ff00:#ff0000
COLORBLINK #00ff00:#ff0000
===COLOR_PAIR 0:#ffff00
TIMEFORCOLOR 0
COLORFORTIME #ffff00
CDST -65
===COLOR_PAIR 7200:#ff6600
TIMEFORCOLOR 7200
COLORFORTIME #ff6600
CDST -65
===COLOR_PAIR 14400:#ff0000
TIMEFORCOLOR 14400
COLORFORTIME #ff0000
CDST -65
{ "full_text":"test +00:01 ", "color": "#ff0000", "name": "countdown-test" },
===============================
buildCountDown
COLORLIST_FF 0:#ffff00,7200:#ff6600,14400:#ff0000
COLORLIST 0:#ffff00,7200:#ff6600,14400:#ff0000
==
COLORBLINK_FF #00ff00:#ff0000
COLORBLINK #00ff00:#ff0000
===COLOR_PAIR 0:#ffff00
TIMEFORCOLOR 0
COLORFORTIME #ffff00
CDST -70
===COLOR_PAIR 7200:#ff6600
TIMEFORCOLOR 7200
COLORFORTIME #ff6600
CDST -70
===COLOR_PAIR 14400:#ff0000
TIMEFORCOLOR 14400
COLORFORTIME #ff0000
CDST -70
{ "full_text":"test +00:01 ", "color": "#00ff00", "name": "countdown-test" },
===============================
buildCountDown
COLORLIST_FF 0:#ffff00,7200:#ff6600,14400:#ff0000
COLORLIST 0:#ffff00,7200:#ff6600,14400:#ff0000
==
COLORBLINK_FF #00ff00:#00ff00
COLORBLINK #00ff00:#00ff00
===COLOR_PAIR 0:#ffff00
TIMEFORCOLOR 0
COLORFORTIME #ffff00
CDST 10195
--cdst GE tfc COUNTDOWN_COLOR=#ffff00
===COLOR_PAIR 7200:#ff6600
TIMEFORCOLOR 7200
COLORFORTIME #ff6600
CDST 10195
--cdst GE tfc COUNTDOWN_COLOR=#ff6600
===COLOR_PAIR 14400:#ff0000
TIMEFORCOLOR 14400
COLORFORTIME #ff0000
CDST 10195
{ "full_text":"test -02:50 ", "color": "#ff6600", "name": "countdown-test" },
===============================
buildCountDown
COLORLIST_FF 0:#ffff00,7200:#ff6600,14400:#ff0000
COLORLIST 0:#ffff00,7200:#ff6600,14400:#ff0000
==
COLORBLINK_FF #00ff00:#00ff00
COLORBLINK #00ff00:#00ff00
===COLOR_PAIR 0:#ffff00
TIMEFORCOLOR 0
COLORFORTIME #ffff00
CDST 10190
--cdst GE tfc COUNTDOWN_COLOR=#ffff00
===COLOR_PAIR 7200:#ff6600
TIMEFORCOLOR 7200
COLORFORTIME #ff6600
CDST 10190
--cdst GE tfc COUNTDOWN_COLOR=#ff6600
===COLOR_PAIR 14400:#ff0000
TIMEFORCOLOR 14400
COLORFORTIME #ff0000
CDST 10190
{ "full_text":"test -02:50 ", "color": "#ff6600", "name": "countdown-test" },
===============================
buildCountDown
COLORLIST_FF 0:#ffff00,7200:#ff6600,14400:#ff0000
COLORLIST 0:#ffff00,7200:#ff6600,14400:#ff0000
==
COLORBLINK_FF #00ff00:#00ff00
COLORBLINK #00ff00:#00ff00
===COLOR_PAIR 0:#ffff00
TIMEFORCOLOR 0
COLORFORTIME #ffff00
CDST 10185
--cdst GE tfc COUNTDOWN_COLOR=#ffff00
===COLOR_PAIR 7200:#ff6600
TIMEFORCOLOR 7200
COLORFORTIME #ff6600
CDST 10185
--cdst GE tfc COUNTDOWN_COLOR=#ff6600
===COLOR_PAIR 14400:#ff0000
TIMEFORCOLOR 14400
COLORFORTIME #ff0000
CDST 10185
{ "full_text":"test -02:50 ", "color": "#ff6600", "name": "countdown-test" },
===============================
buildCountDown
COLORLIST_FF 0:#ffff00,7200:#ff6600,14400:#ff0000
COLORLIST 0:#ffff00,7200:#ff6600,14400:#ff0000
==
COLORBLINK_FF #00ff00:#00ff00
COLORBLINK #00ff00:#00ff00
===COLOR_PAIR 0:#ffff00
TIMEFORCOLOR 0
COLORFORTIME #ffff00
CDST 10180
--cdst GE tfc COUNTDOWN_COLOR=#ffff00
===COLOR_PAIR 7200:#ff6600
TIMEFORCOLOR 7200
COLORFORTIME #ff6600
CDST 10180
--cdst GE tfc COUNTDOWN_COLOR=#ff6600
===COLOR_PAIR 14400:#ff0000
TIMEFORCOLOR 14400
COLORFORTIME #ff0000
CDST 10180
{ "full_text":"test -02:50 ", "color": "#ff6600", "name": "countdown-test" },
===============================
buildCountDown
COLORLIST_FF 0:#ffff00,7200:#ff6600,14400:#ff0000
COLORLIST 0:#ffff00,7200:#ff6600,14400:#ff0000
==
COLORBLINK_FF #00ff00:#00ff00
COLORBLINK #00ff00:#00ff00
===COLOR_PAIR 0:#ffff00
TIMEFORCOLOR 0
COLORFORTIME #ffff00
CDST 10175
--cdst GE tfc COUNTDOWN_COLOR=#ffff00
===COLOR_PAIR 7200:#ff6600
TIMEFORCOLOR 7200
COLORFORTIME #ff6600
CDST 10175
--cdst GE tfc COUNTDOWN_COLOR=#ff6600
===COLOR_PAIR 14400:#ff0000
TIMEFORCOLOR 14400
COLORFORTIME #ff0000
CDST 10175
{ "full_text":"test -02:50 ", "color": "#ff6600", "name": "countdown-test" },
===============================
buildCountDown
COLORLIST_FF 0:#ffff00,7200:#ff6600,14400:#ff0000
COLORLIST 0:#ffff00,7200:#ff6600,14400:#ff0000
==
COLORBLINK_FF #00ff00:#00ff00
COLORBLINK #00ff00:#00ff00
===COLOR_PAIR 0:#ffff00
TIMEFORCOLOR 0
COLORFORTIME #ffff00
CDST 10170
--cdst GE tfc COUNTDOWN_COLOR=#ffff00
===COLOR_PAIR 7200:#ff6600
TIMEFORCOLOR 7200
COLORFORTIME #ff6600
CDST 10170
--cdst GE tfc COUNTDOWN_COLOR=#ff6600
===COLOR_PAIR 14400:#ff0000
TIMEFORCOLOR 14400
COLORFORTIME #ff0000
CDST 10170
{ "full_text":"test -02:50 ", "color": "#ff6600", "name": "countdown-test" },
===============================
buildCountDown
COLORLIST_FF 0:#ffff00,7200:#ff6600,14400:#ff0000
COLORLIST 0:#ffff00,7200:#ff6600,14400:#ff0000
==
COLORBLINK_FF #00ff00:#00ff00
COLORBLINK #00ff00:#00ff00
===COLOR_PAIR 0:#ffff00
TIMEFORCOLOR 0
COLORFORTIME #ffff00
CDST 10165
--cdst GE tfc COUNTDOWN_COLOR=#ffff00
===COLOR_PAIR 7200:#ff6600
TIMEFORCOLOR 7200
COLORFORTIME #ff6600
CDST 10165
--cdst GE tfc COUNTDOWN_COLOR=#ff6600
===COLOR_PAIR 14400:#ff0000
TIMEFORCOLOR 14400
COLORFORTIME #ff0000
CDST 10165
{ "full_text":"test -02:50 ", "color": "#ff6600", "name": "countdown-test" },
===============================
buildCountDown
COLORLIST_FF 0:#ffff00,7200:#ff6600,14400:#ff0000
COLORLIST 0:#ffff00,7200:#ff6600,14400:#ff0000
==
COLORBLINK_FF #00ff00:#00ff00
COLORBLINK #00ff00:#00ff00
===COLOR_PAIR 0:#ffff00
TIMEFORCOLOR 0
COLORFORTIME #ffff00
CDST 10160
--cdst GE tfc COUNTDOWN_COLOR=#ffff00
===COLOR_PAIR 7200:#ff6600
TIMEFORCOLOR 7200
COLORFORTIME #ff6600
CDST 10160
--cdst GE tfc COUNTDOWN_COLOR=#ff6600
===COLOR_PAIR 14400:#ff0000
TIMEFORCOLOR 14400
COLORFORTIME #ff0000
CDST 10160
{ "full_text":"test -02:50 ", "color": "#ff6600", "name": "countdown-test" },
===============================
buildCountDown
COLORLIST_FF 0:#ffff00,7200:#ff6600,14400:#ff0000
COLORLIST 0:#ffff00,7200:#ff6600,14400:#ff0000
==
COLORBLINK_FF #00ff00:#00ff00
COLORBLINK #00ff00:#00ff00
===COLOR_PAIR 0:#ffff00
TIMEFORCOLOR 0
COLORFORTIME #ffff00
CDST 10155
--cdst GE tfc COUNTDOWN_COLOR=#ffff00
===COLOR_PAIR 7200:#ff6600
TIMEFORCOLOR 7200
COLORFORTIME #ff6600
CDST 10155
--cdst GE tfc COUNTDOWN_COLOR=#ff6600
===COLOR_PAIR 14400:#ff0000
TIMEFORCOLOR 14400
COLORFORTIME #ff0000
CDST 10155
{ "full_text":"test -02:50 ", "color": "#ff6600", "name": "countdown-test" },
===============================
buildCountDown
COLORLIST_FF 0:#ffff00,7200:#ff6600,14400:#ff0000
COLORLIST 0:#ffff00,7200:#ff6600,14400:#ff0000
==
COLORBLINK_FF #00ff00:#00ff00
COLORBLINK #00ff00:#00ff00
===COLOR_PAIR 0:#ffff00
TIMEFORCOLOR 0
COLORFORTIME #ffff00
CDST 10150
--cdst GE tfc COUNTDOWN_COLOR=#ffff00
===COLOR_PAIR 7200:#ff6600
TIMEFORCOLOR 7200
COLORFORTIME #ff6600
CDST 10150
--cdst GE tfc COUNTDOWN_COLOR=#ff6600
===COLOR_PAIR 14400:#ff0000
TIMEFORCOLOR 14400
COLORFORTIME #ff0000
CDST 10150
{ "full_text":"test -02:50 ", "color": "#ff6600", "name": "countdown-test" },
===============================
buildCountDown
COLORLIST_FF 0:#ffff00,7200:#ff6600,14400:#ff0000
COLORLIST 0:#ffff00,7200:#ff6600,14400:#ff0000
==
COLORBLINK_FF #00ff00:#00ff00
COLORBLINK #00ff00:#00ff00
===COLOR_PAIR 0:#ffff00
TIMEFORCOLOR 0
COLORFORTIME #ffff00
CDST 10145
--cdst GE tfc COUNTDOWN_COLOR=#ffff00
===COLOR_PAIR 7200:#ff6600
TIMEFORCOLOR 7200
COLORFORTIME #ff6600
CDST 10145
--cdst GE tfc COUNTDOWN_COLOR=#ff6600
===COLOR_PAIR 14400:#ff0000
TIMEFORCOLOR 14400
COLORFORTIME #ff0000
CDST 10145
{ "full_text":"test -02:50 ", "color": "#ff6600", "name": "countdown-test" },
===============================
buildCountDown
COLORLIST_FF 0:#ffff00,7200:#ff6600,14400:#ff0000
COLORLIST 0:#ffff00,7200:#ff6600,14400:#ff0000
==
COLORBLINK_FF #00ff00:#00ff00
COLORBLINK #00ff00:#00ff00
===COLOR_PAIR 0:#ffff00
TIMEFORCOLOR 0
COLORFORTIME #ffff00
CDST 10140
--cdst GE tfc COUNTDOWN_COLOR=#ffff00
===COLOR_PAIR 7200:#ff6600
TIMEFORCOLOR 7200
COLORFORTIME #ff6600
CDST 10140
--cdst GE tfc COUNTDOWN_COLOR=#ff6600
===COLOR_PAIR 14400:#ff0000
TIMEFORCOLOR 14400
COLORFORTIME #ff0000
CDST 10140
{ "full_text":"test -02:49 ", "color": "#ff6600", "name": "countdown-test" },
===============================
buildCountDown
COLORLIST_FF 0:#ffff00,7200:#ff6600,14400:#ff0000
COLORLIST 0:#ffff00,7200:#ff6600,14400:#ff0000
==
COLORBLINK_FF #00ff00:#00ff00
COLORBLINK #00ff00:#00ff00
===COLOR_PAIR 0:#ffff00
TIMEFORCOLOR 0
COLORFORTIME #ffff00
CDST 10130
--cdst GE tfc COUNTDOWN_COLOR=#ffff00
===COLOR_PAIR 7200:#ff6600
TIMEFORCOLOR 7200
COLORFORTIME #ff6600
CDST 10130
--cdst GE tfc COUNTDOWN_COLOR=#ff6600
===COLOR_PAIR 14400:#ff0000
TIMEFORCOLOR 14400
COLORFORTIME #ff0000
CDST 10130
{ "full_text":"test -02:49 ", "color": "#ff6600", "name": "countdown-test" },
===============================
buildCountDown
COLORLIST_FF 0:#ffff00,7200:#ff6600,14400:#ff0000
COLORLIST 0:#ffff00,7200:#ff6600,14400:#ff0000
==
COLORBLINK_FF #00ff00:#00ff00
COLORBLINK #00ff00:#00ff00
===COLOR_PAIR 0:#ffff00
TIMEFORCOLOR 0
COLORFORTIME #ffff00
CDST 10125
--cdst GE tfc COUNTDOWN_COLOR=#ffff00
===COLOR_PAIR 7200:#ff6600
TIMEFORCOLOR 7200
COLORFORTIME #ff6600
CDST 10125
--cdst GE tfc COUNTDOWN_COLOR=#ff6600
===COLOR_PAIR 14400:#ff0000
TIMEFORCOLOR 14400
COLORFORTIME #ff0000
CDST 10125
{ "full_text":"test -02:49 ", "color": "#ff6600", "name": "countdown-test" },
===============================
buildCountDown
COLORLIST_FF 0:#ffff00,7200:#ff6600,14400:#ff0000
COLORLIST 0:#ffff00,7200:#ff6600,14400:#ff0000
==
COLORBLINK_FF #00ff00:#00ff00
COLORBLINK #00ff00:#00ff00
===COLOR_PAIR 0:#ffff00
TIMEFORCOLOR 0
COLORFORTIME #ffff00
CDST 10120
--cdst GE tfc COUNTDOWN_COLOR=#ffff00
===COLOR_PAIR 7200:#ff6600
TIMEFORCOLOR 7200
COLORFORTIME #ff6600
CDST 10120
--cdst GE tfc COUNTDOWN_COLOR=#ff6600
===COLOR_PAIR 14400:#ff0000
TIMEFORCOLOR 14400
COLORFORTIME #ff0000
CDST 10120
{ "full_text":"test -02:49 ", "color": "#ff6600", "name": "countdown-test" },
===============================
buildCountDown
COLORLIST_FF 0:#ffff00,7200:#ff6600,14400:#ff0000
COLORLIST 0:#ffff00,7200:#ff6600,14400:#ff0000
==
COLORBLINK_FF #00ff00:#00ff00
COLORBLINK #00ff00:#00ff00
===COLOR_PAIR 0:#ffff00
TIMEFORCOLOR 0
COLORFORTIME #ffff00
CDST 10115
--cdst GE tfc COUNTDOWN_COLOR=#ffff00
===COLOR_PAIR 7200:#ff6600
TIMEFORCOLOR 7200
COLORFORTIME #ff6600
CDST 10115
--cdst GE tfc COUNTDOWN_COLOR=#ff6600
===COLOR_PAIR 14400:#ff0000
TIMEFORCOLOR 14400
COLORFORTIME #ff0000
CDST 10115
{ "full_text":"test -02:49 ", "color": "#ff6600", "name": "countdown-test" },
===============================
buildCountDown
COLORLIST_FF 0:#ffffff,60:#ffff00,14400:#ffffff
COLORLIST 0:#ffffff,60:#ffff00,14400:#ffffff
==
COLORBLINK_FF #ffffff:#ff0000
COLORBLINK #ffffff:#ff0000
===COLOR_PAIR 0:#ffffff
TIMEFORCOLOR 0
COLORFORTIME #ffffff
CDST 10110
--cdst GE tfc COUNTDOWN_COLOR=#ffffff
===COLOR_PAIR 60:#ffff00
TIMEFORCOLOR 60
COLORFORTIME #ffff00
CDST 10110
--cdst GE tfc COUNTDOWN_COLOR=#ffff00
===COLOR_PAIR 14400:#ffffff
TIMEFORCOLOR 14400
COLORFORTIME #ffffff
CDST 10110
{ "full_text":"test -02:49 ", "color": "#ffff00", "name": "countdown-test" },
===============================
buildCountDown
COLORLIST_FF 0:#ffffff,60:#ffff00,14400:#ffffff
COLORLIST 0:#ffffff,60:#ffff00,14400:#ffffff
==
COLORBLINK_FF #ffffff:#ff0000
COLORBLINK #ffffff:#ff0000
===COLOR_PAIR 0:#ffffff
TIMEFORCOLOR 0
COLORFORTIME #ffffff
CDST 10105
--cdst GE tfc COUNTDOWN_COLOR=#ffffff
===COLOR_PAIR 60:#ffff00
TIMEFORCOLOR 60
COLORFORTIME #ffff00
CDST 10105
--cdst GE tfc COUNTDOWN_COLOR=#ffff00
===COLOR_PAIR 14400:#ffffff
TIMEFORCOLOR 14400
COLORFORTIME #ffffff
CDST 10105
{ "full_text":"test -02:49 ", "color": "#ffff00", "name": "countdown-test" },
===============================
buildCountDown
COLORLIST_FF 0:#ffffff,60:#ffff00,14400:#ffffff
COLORLIST 0:#ffffff,60:#ffff00,14400:#ffffff
==
COLORBLINK_FF #ffffff:#ff0000
COLORBLINK #ffffff:#ff0000
===COLOR_PAIR 0:#ffffff
TIMEFORCOLOR 0
COLORFORTIME #ffffff
CDST 10100
--cdst GE tfc COUNTDOWN_COLOR=#ffffff
===COLOR_PAIR 60:#ffff00
TIMEFORCOLOR 60
COLORFORTIME #ffff00
CDST 10100
--cdst GE tfc COUNTDOWN_COLOR=#ffff00
===COLOR_PAIR 14400:#ffffff
TIMEFORCOLOR 14400
COLORFORTIME #ffffff
CDST 10100
{ "full_text":"test -02:49 ", "color": "#ffff00", "name": "countdown-test" },
===============================
buildCountDown
COLORLIST_FF 0:#ffffff,60:#ffff00,14400:#ffffff
COLORLIST 0:#ffffff,60:#ffff00,14400:#ffffff
==
COLORBLINK_FF #ffffff:#ff0000
COLORBLINK #ffffff:#ff0000
===COLOR_PAIR 0:#ffffff
TIMEFORCOLOR 0
COLORFORTIME #ffffff
CDST 10095
--cdst GE tfc COUNTDOWN_COLOR=#ffffff
===COLOR_PAIR 60:#ffff00
TIMEFORCOLOR 60
COLORFORTIME #ffff00
CDST 10095
--cdst GE tfc COUNTDOWN_COLOR=#ffff00
===COLOR_PAIR 14400:#ffffff
TIMEFORCOLOR 14400
COLORFORTIME #ffffff
CDST 10095
{ "full_text":"test -02:49 ", "color": "#ffff00", "name": "countdown-test" },
===============================
buildCountDown
COLORLIST_FF 0:#ffffff,60:#ffff00,14400:#ffffff
COLORLIST 0:#ffffff,60:#ffff00,14400:#ffffff
==
COLORBLINK_FF #ffffff:#ff0000
COLORBLINK #ffffff:#ff0000
===COLOR_PAIR 0:#ffffff
TIMEFORCOLOR 0
COLORFORTIME #ffffff
CDST 10090
--cdst GE tfc COUNTDOWN_COLOR=#ffffff
===COLOR_PAIR 60:#ffff00
TIMEFORCOLOR 60
COLORFORTIME #ffff00
CDST 10090
--cdst GE tfc COUNTDOWN_COLOR=#ffff00
===COLOR_PAIR 14400:#ffffff
TIMEFORCOLOR 14400
COLORFORTIME #ffffff
CDST 10090
{ "full_text":"test -02:49 ", "color": "#ffff00", "name": "countdown-test" },
===============================
buildCountDown
COLORLIST_FF 0:#ffffff,60:#ffff00,14400:#ffffff
COLORLIST 0:#ffffff,60:#ffff00,14400:#ffffff
==
COLORBLINK_FF #ffffff:#ff0000
COLORBLINK #ffffff:#ff0000
===COLOR_PAIR 0:#ffffff
TIMEFORCOLOR 0
COLORFORTIME #ffffff
CDST 10085
--cdst GE tfc COUNTDOWN_COLOR=#ffffff
===COLOR_PAIR 60:#ffff00
TIMEFORCOLOR 60
COLORFORTIME #ffff00
CDST 10085
--cdst GE tfc COUNTDOWN_COLOR=#ffff00
===COLOR_PAIR 14400:#ffffff
TIMEFORCOLOR 14400
COLORFORTIME #ffffff
CDST 10085
{ "full_text":"test -02:49 ", "color": "#ffff00", "name": "countdown-test" },
===============================
buildCountDown
COLORLIST_FF 0:#ffffff,60:#ffff00,14400:#ffffff
COLORLIST 0:#ffffff,60:#ffff00,14400:#ffffff
==
COLORBLINK_FF #ffffff:#ff0000
COLORBLINK #ffffff:#ff0000
===COLOR_PAIR 0:#ffffff
TIMEFORCOLOR 0
COLORFORTIME #ffffff
CDST 10080
--cdst GE tfc COUNTDOWN_COLOR=#ffffff
===COLOR_PAIR 60:#ffff00
TIMEFORCOLOR 60
COLORFORTIME #ffff00
CDST 10080
--cdst GE tfc COUNTDOWN_COLOR=#ffff00
===COLOR_PAIR 14400:#ffffff
TIMEFORCOLOR 14400
COLORFORTIME #ffffff
CDST 10080
{ "full_text":"test -02:48 ", "color": "#ffff00", "name": "countdown-test" },
===============================
buildCountDown
COLORLIST_FF 0:#ffffff,60:#ffff00,14400:#ffffff
COLORLIST 0:#ffffff,60:#ffff00,14400:#ffffff
==
COLORBLINK_FF #ffffff:#ff0000
COLORBLINK #ffffff:#ff0000
===COLOR_PAIR 0:#ffffff
TIMEFORCOLOR 0
COLORFORTIME #ffffff
CDST 10075
--cdst GE tfc COUNTDOWN_COLOR=#ffffff
===COLOR_PAIR 60:#ffff00
TIMEFORCOLOR 60
COLORFORTIME #ffff00
CDST 10075
--cdst GE tfc COUNTDOWN_COLOR=#ffff00
===COLOR_PAIR 14400:#ffffff
TIMEFORCOLOR 14400
COLORFORTIME #ffffff
CDST 10075
{ "full_text":"test -02:48 ", "color": "#ffff00", "name": "countdown-test" },
===============================
buildCountDown
COLORLIST_FF 0:#ffffff,60:#ffff00,14400:#ffffff
COLORLIST 0:#ffffff,60:#ffff00,14400:#ffffff
==
COLORBLINK_FF #ffffff:#ff0000
COLORBLINK #ffffff:#ff0000
===COLOR_PAIR 0:#ffffff
TIMEFORCOLOR 0
COLORFORTIME #ffffff
CDST 10070
--cdst GE tfc COUNTDOWN_COLOR=#ffffff
===COLOR_PAIR 60:#ffff00
TIMEFORCOLOR 60
COLORFORTIME #ffff00
CDST 10070
--cdst GE tfc COUNTDOWN_COLOR=#ffff00
===COLOR_PAIR 14400:#ffffff
TIMEFORCOLOR 14400
COLORFORTIME #ffffff
CDST 10070
{ "full_text":"test -02:48 ", "color": "#ffff00", "name": "countdown-test" },
===============================
buildCountDown
COLORLIST_FF 0:#ffffff,60:#ffff00,14400:#ffffff
COLORLIST 0:#ffffff,60:#ffff00,14400:#ffffff
==
COLORBLINK_FF #ffffff:#ff0000
COLORBLINK #ffffff:#ff0000
===COLOR_PAIR 0:#ffffff
TIMEFORCOLOR 0
COLORFORTIME #ffffff
CDST 10065
--cdst GE tfc COUNTDOWN_COLOR=#ffffff
===COLOR_PAIR 60:#ffff00
TIMEFORCOLOR 60
COLORFORTIME #ffff00
CDST 10065
--cdst GE tfc COUNTDOWN_COLOR=#ffff00
===COLOR_PAIR 14400:#ffffff
TIMEFORCOLOR 14400
COLORFORTIME #ffffff
CDST 10065
{ "full_text":"test -02:48 ", "color": "#ffff00", "name": "countdown-test" },
===============================
buildCountDown
COLORLIST_FF 0:#ffffff,60:#ffff00,14400:#ffffff
COLORLIST 0:#ffffff,60:#ffff00,14400:#ffffff
==
COLORBLINK_FF #ffffff:#ff0000
COLORBLINK #ffffff:#ff0000
===COLOR_PAIR 0:#ffffff
TIMEFORCOLOR 0
COLORFORTIME #ffffff
CDST 10060
--cdst GE tfc COUNTDOWN_COLOR=#ffffff
===COLOR_PAIR 60:#ffff00
TIMEFORCOLOR 60
COLORFORTIME #ffff00
CDST 10060
--cdst GE tfc COUNTDOWN_COLOR=#ffff00
===COLOR_PAIR 14400:#ffffff
TIMEFORCOLOR 14400
COLORFORTIME #ffffff
CDST 10060
{ "full_text":"test -02:48 ", "color": "#ffff00", "name": "countdown-test" },
===============================
buildCountDown
COLORLIST_FF 0:#ffff00,7200:#ff6600,14400:#ff0000
COLORLIST 0:#ffff00,7200:#ff6600,14400:#ff0000
==
COLORBLINK_FF #00ff00:#00ff00
COLORBLINK #00ff00:#00ff00
===COLOR_PAIR 0:#ffff00
TIMEFORCOLOR 0
COLORFORTIME #ffff00
CDST 26860
--cdst GE tfc COUNTDOWN_COLOR=#ffff00
===COLOR_PAIR 7200:#ff6600
TIMEFORCOLOR 7200
COLORFORTIME #ff6600
CDST 26860
--cdst GE tfc COUNTDOWN_COLOR=#ff6600
===COLOR_PAIR 14400:#ff0000
TIMEFORCOLOR 14400
COLORFORTIME #ff0000
CDST 26860
--cdst GE tfc COUNTDOWN_COLOR=#ff0000
{ "full_text":"A -07:28 ", "color": "#ff0000", "name": "countdown-A" },
===============================
buildCountDown
COLORLIST_FF 0:#ffffff,60:#ffff00,14400:#ffffff
COLORLIST 0:#ffffff,60:#ffff00,14400:#ffffff
==
COLORBLINK_FF #ffffff:#ff0000
COLORBLINK #ffffff:#ff0000
===COLOR_PAIR 0:#ffffff
TIMEFORCOLOR 0
COLORFORTIME #ffffff
CDST 10055
--cdst GE tfc COUNTDOWN_COLOR=#ffffff
===COLOR_PAIR 60:#ffff00
TIMEFORCOLOR 60
COLORFORTIME #ffff00
CDST 10055
--cdst GE tfc COUNTDOWN_COLOR=#ffff00
===COLOR_PAIR 14400:#ffffff
TIMEFORCOLOR 14400
COLORFORTIME #ffffff
CDST 10055
{ "full_text":"test -02:48 ", "color": "#ffff00", "name": "countdown-test" },
===============================
buildCountDown
COLORLIST_FF 0:#ffff00,7200:#ff6600,14400:#ff0000
COLORLIST 0:#ffff00,7200:#ff6600,14400:#ff0000
==
COLORBLINK_FF #00ff00:#00ff00
COLORBLINK #00ff00:#00ff00
===COLOR_PAIR 0:#ffff00
TIMEFORCOLOR 0
COLORFORTIME #ffff00
CDST 26855
--cdst GE tfc COUNTDOWN_COLOR=#ffff00
===COLOR_PAIR 7200:#ff6600
TIMEFORCOLOR 7200
COLORFORTIME #ff6600
CDST 26855
--cdst GE tfc COUNTDOWN_COLOR=#ff6600
===COLOR_PAIR 14400:#ff0000
TIMEFORCOLOR 14400
COLORFORTIME #ff0000
CDST 26855
--cdst GE tfc COUNTDOWN_COLOR=#ff0000
{ "full_text":"A -07:28 ", "color": "#ff0000", "name": "countdown-A" },
===============================
buildCountDown
COLORLIST_FF 0:#ffffff,60:#ffff00,14400:#ffffff
COLORLIST 0:#ffffff,60:#ffff00,14400:#ffffff
==
COLORBLINK_FF #ffffff:#ff0000
COLORBLINK #ffffff:#ff0000
===COLOR_PAIR 0:#ffffff
TIMEFORCOLOR 0
COLORFORTIME #ffffff
CDST 10050
--cdst GE tfc COUNTDOWN_COLOR=#ffffff
===COLOR_PAIR 60:#ffff00
TIMEFORCOLOR 60
COLORFORTIME #ffff00
CDST 10050
--cdst GE tfc COUNTDOWN_COLOR=#ffff00
===COLOR_PAIR 14400:#ffffff
TIMEFORCOLOR 14400
COLORFORTIME #ffffff
CDST 10050
{ "full_text":"test -02:48 ", "color": "#ffff00", "name": "countdown-test" },
===============================
buildCountDown
COLORLIST_FF 0:#ffff00,7200:#ff6600,14400:#ff0000
COLORLIST 0:#ffff00,7200:#ff6600,14400:#ff0000
==
COLORBLINK_FF #00ff00:#00ff00
COLORBLINK #00ff00:#00ff00
===COLOR_PAIR 0:#ffff00
TIMEFORCOLOR 0
COLORFORTIME #ffff00
CDST 26850
--cdst GE tfc COUNTDOWN_COLOR=#ffff00
===COLOR_PAIR 7200:#ff6600
TIMEFORCOLOR 7200
COLORFORTIME #ff6600
CDST 26850
--cdst GE tfc COUNTDOWN_COLOR=#ff6600
===COLOR_PAIR 14400:#ff0000
TIMEFORCOLOR 14400
COLORFORTIME #ff0000
CDST 26850
--cdst GE tfc COUNTDOWN_COLOR=#ff0000
{ "full_text":"A -07:28 ", "color": "#ff0000", "name": "countdown-A" },
===============================
buildCountDown
COLORLIST_FF 0:#ffff00,7200:#ff6600,14400:#ff0000
COLORLIST 0:#ffff00,7200:#ff6600,14400:#ff0000
==
COLORBLINK_FF #00ff00:#00ff00
COLORBLINK #00ff00:#00ff00
===COLOR_PAIR 0:#ffff00
TIMEFORCOLOR 0
COLORFORTIME #ffff00
CDST 26845
--cdst GE tfc COUNTDOWN_COLOR=#ffff00
===COLOR_PAIR 7200:#ff6600
TIMEFORCOLOR 7200
COLORFORTIME #ff6600
CDST 26845
--cdst GE tfc COUNTDOWN_COLOR=#ff6600
===COLOR_PAIR 14400:#ff0000
TIMEFORCOLOR 14400
COLORFORTIME #ff0000
CDST 26845
--cdst GE tfc COUNTDOWN_COLOR=#ff0000
{ "full_text":"A -07:28 ", "color": "#ff0000", "name": "countdown-A" },
===============================
buildCountDown
COLORLIST_FF 0:#ffffff,60:#ffff00,14400:#ffffff
COLORLIST 0:#ffffff,60:#ffff00,14400:#ffffff
==
COLORBLINK_FF #ffffff:#ff0000
COLORBLINK #ffffff:#ff0000
===COLOR_PAIR 0:#ffffff
TIMEFORCOLOR 0
COLORFORTIME #ffffff
CDST 10045
--cdst GE tfc COUNTDOWN_COLOR=#ffffff
===COLOR_PAIR 60:#ffff00
TIMEFORCOLOR 60
COLORFORTIME #ffff00
CDST 10045
--cdst GE tfc COUNTDOWN_COLOR=#ffff00
===COLOR_PAIR 14400:#ffffff
TIMEFORCOLOR 14400
COLORFORTIME #ffffff
CDST 10045
{ "full_text":"W -02:48 ", "color": "#ffff00", "name": "countdown-W" },
===============================
buildCountDown
COLORLIST_FF 0:#ffff00,7200:#ff6600,14400:#ff0000
COLORLIST 0:#ffff00,7200:#ff6600,14400:#ff0000
==
COLORBLINK_FF #00ff00:#00ff00
COLORBLINK #00ff00:#00ff00
===COLOR_PAIR 0:#ffff00
TIMEFORCOLOR 0
COLORFORTIME #ffff00
CDST 26840
--cdst GE tfc COUNTDOWN_COLOR=#ffff00
===COLOR_PAIR 7200:#ff6600
TIMEFORCOLOR 7200
COLORFORTIME #ff6600
CDST 26840
--cdst GE tfc COUNTDOWN_COLOR=#ff6600
===COLOR_PAIR 14400:#ff0000
TIMEFORCOLOR 14400
COLORFORTIME #ff0000
CDST 26840
--cdst GE tfc COUNTDOWN_COLOR=#ff0000
{ "full_text":"A -07:28 ", "color": "#ff0000", "name": "countdown-A" },
===============================
buildCountDown
COLORLIST_FF 0:#ffffff,60:#ffff00,14400:#ffffff
COLORLIST 0:#ffffff,60:#ffff00,14400:#ffffff
==
COLORBLINK_FF #ffffff:#ff0000
COLORBLINK #ffffff:#ff0000
===COLOR_PAIR 0:#ffffff
TIMEFORCOLOR 0
COLORFORTIME #ffffff
CDST 10040
--cdst GE tfc COUNTDOWN_COLOR=#ffffff
===COLOR_PAIR 60:#ffff00
TIMEFORCOLOR 60
COLORFORTIME #ffff00
CDST 10040
--cdst GE tfc COUNTDOWN_COLOR=#ffff00
===COLOR_PAIR 14400:#ffffff
TIMEFORCOLOR 14400
COLORFORTIME #ffffff
CDST 10040
{ "full_text":"W -02:48 ", "color": "#ffff00", "name": "countdown-W" },
===============================
buildCountDown
COLORLIST_FF 0:#ffff00,7200:#ff6600,14400:#ff0000
COLORLIST 0:#ffff00,7200:#ff6600,14400:#ff0000
==
COLORBLINK_FF #00ff00:#00ff00
COLORBLINK #00ff00:#00ff00
===COLOR_PAIR 0:#ffff00
TIMEFORCOLOR 0
COLORFORTIME #ffff00
CDST 26835
--cdst GE tfc COUNTDOWN_COLOR=#ffff00
===COLOR_PAIR 7200:#ff6600
TIMEFORCOLOR 7200
COLORFORTIME #ff6600
CDST 26835
--cdst GE tfc COUNTDOWN_COLOR=#ff6600
===COLOR_PAIR 14400:#ff0000
TIMEFORCOLOR 14400
COLORFORTIME #ff0000
CDST 26835
--cdst GE tfc COUNTDOWN_COLOR=#ff0000
{ "full_text":"A -07:28 ", "color": "#ff0000", "name": "countdown-A" },
===============================
buildCountDown
COLORLIST_FF 0:#ffffff,60:#ffff00,14400:#ffffff
COLORLIST 0:#ffffff,60:#ffff00,14400:#ffffff
==
COLORBLINK_FF #ffffff:#ff0000
COLORBLINK #ffffff:#ff0000
===COLOR_PAIR 0:#ffffff
TIMEFORCOLOR 0
COLORFORTIME #ffffff
CDST 10035
--cdst GE tfc COUNTDOWN_COLOR=#ffffff
===COLOR_PAIR 60:#ffff00
TIMEFORCOLOR 60
COLORFORTIME #ffff00
CDST 10035
--cdst GE tfc COUNTDOWN_COLOR=#ffff00
===COLOR_PAIR 14400:#ffffff
TIMEFORCOLOR 14400
COLORFORTIME #ffffff
CDST 10035
{ "full_text":"W -02:48 ", "color": "#ffff00", "name": "countdown-W" },
===============================
buildCountDown
COLORLIST_FF 0:#ffff00,7200:#ff6600,14400:#ff0000
COLORLIST 0:#ffff00,7200:#ff6600,14400:#ff0000
==
COLORBLINK_FF #00ff00:#00ff00
COLORBLINK #00ff00:#00ff00
===COLOR_PAIR 0:#ffff00
TIMEFORCOLOR 0
COLORFORTIME #ffff00
CDST 26830
--cdst GE tfc COUNTDOWN_COLOR=#ffff00
===COLOR_PAIR 7200:#ff6600
TIMEFORCOLOR 7200
COLORFORTIME #ff6600
CDST 26830
--cdst GE tfc COUNTDOWN_COLOR=#ff6600
===COLOR_PAIR 14400:#ff0000
TIMEFORCOLOR 14400
COLORFORTIME #ff0000
CDST 26830
--cdst GE tfc COUNTDOWN_COLOR=#ff0000
{ "full_text":"A -07:28 ", "color": "#ff0000", "name": "countdown-A" },
===============================
buildCountDown
COLORLIST_FF 0:#ffffff,60:#ffff00,14400:#ffffff
COLORLIST 0:#ffffff,60:#ffff00,14400:#ffffff
==
COLORBLINK_FF #ffffff:#ff0000
COLORBLINK #ffffff:#ff0000
===COLOR_PAIR 0:#ffffff
TIMEFORCOLOR 0
COLORFORTIME #ffffff
CDST 10030
--cdst GE tfc COUNTDOWN_COLOR=#ffffff
===COLOR_PAIR 60:#ffff00
TIMEFORCOLOR 60
COLORFORTIME #ffff00
CDST 10030
--cdst GE tfc COUNTDOWN_COLOR=#ffff00
===COLOR_PAIR 14400:#ffffff
TIMEFORCOLOR 14400
COLORFORTIME #ffffff
CDST 10030
{ "full_text":"W -02:48 ", "color": "#ffff00", "name": "countdown-W" },
===============================
buildCountDown
COLORLIST_FF 0:#ffffff,60:#ffff00,14400:#ffffff
COLORLIST 0:#ffffff,60:#ffff00,14400:#ffffff
==
COLORBLINK_FF #ffffff:#ff0000
COLORBLINK #ffffff:#ff0000
===COLOR_PAIR 0:#ffffff
TIMEFORCOLOR 0
COLORFORTIME #ffffff
CDST 10025
--cdst GE tfc COUNTDOWN_COLOR=#ffffff
===COLOR_PAIR 60:#ffff00
TIMEFORCOLOR 60
COLORFORTIME #ffff00
CDST 10025
--cdst GE tfc COUNTDOWN_COLOR=#ffff00
===COLOR_PAIR 14400:#ffffff
TIMEFORCOLOR 14400
COLORFORTIME #ffffff
CDST 10025
{ "full_text":"M -02:48 ", "color": "#ffff00", "name": "countdown-M" },
===============================
buildCountDown
COLORLIST_FF 0:#ffff00,7200:#ff6600,14400:#ff0000
COLORLIST 0:#ffff00,7200:#ff6600,14400:#ff0000
==
COLORBLINK_FF #00ff00:#00ff00
COLORBLINK #00ff00:#00ff00
===COLOR_PAIR 0:#ffff00
TIMEFORCOLOR 0
COLORFORTIME #ffff00
CDST 26825
--cdst GE tfc COUNTDOWN_COLOR=#ffff00
===COLOR_PAIR 7200:#ff6600
TIMEFORCOLOR 7200
COLORFORTIME #ff6600
CDST 26825
--cdst GE tfc COUNTDOWN_COLOR=#ff6600
===COLOR_PAIR 14400:#ff0000
TIMEFORCOLOR 14400
COLORFORTIME #ff0000
CDST 26825
--cdst GE tfc COUNTDOWN_COLOR=#ff0000
{ "full_text":"A -07:28 ", "color": "#ff0000", "name": "countdown-A" },
===============================
buildCountDown
COLORLIST_FF 0:#ffffff,60:#ffff00,14400:#ffffff
COLORLIST 0:#ffffff,60:#ffff00,14400:#ffffff
==
COLORBLINK_FF #ffffff:#ff0000
COLORBLINK #ffffff:#ff0000
===COLOR_PAIR 0:#ffffff
TIMEFORCOLOR 0
COLORFORTIME #ffffff
CDST 10020
--cdst GE tfc COUNTDOWN_COLOR=#ffffff
===COLOR_PAIR 60:#ffff00
TIMEFORCOLOR 60
COLORFORTIME #ffff00
CDST 10020
--cdst GE tfc COUNTDOWN_COLOR=#ffff00
===COLOR_PAIR 14400:#ffffff
TIMEFORCOLOR 14400
COLORFORTIME #ffffff
CDST 10020
{ "full_text":"M -02:47 ", "color": "#ffff00", "name": "countdown-M" },
===============================
buildCountDown
COLORLIST_FF 0:#ffff00,7200:#ff6600,14400:#ff0000
COLORLIST 0:#ffff00,7200:#ff6600,14400:#ff0000
==
COLORBLINK_FF #00ff00:#00ff00
COLORBLINK #00ff00:#00ff00
===COLOR_PAIR 0:#ffff00
TIMEFORCOLOR 0
COLORFORTIME #ffff00
CDST 26820
--cdst GE tfc COUNTDOWN_COLOR=#ffff00
===COLOR_PAIR 7200:#ff6600
TIMEFORCOLOR 7200
COLORFORTIME #ff6600
CDST 26820
--cdst GE tfc COUNTDOWN_COLOR=#ff6600
===COLOR_PAIR 14400:#ff0000
TIMEFORCOLOR 14400
COLORFORTIME #ff0000
CDST 26820
--cdst GE tfc COUNTDOWN_COLOR=#ff0000
{ "full_text":"A -07:27 ", "color": "#ff0000", "name": "countdown-A" },
===============================
buildCountDown
COLORLIST_FF 0:#ffffff,60:#ffff00,14400:#ffffff
COLORLIST 0:#ffffff,60:#ffff00,14400:#ffffff
==
COLORBLINK_FF #ffffff:#ff0000
COLORBLINK #ffffff:#ff0000
===COLOR_PAIR 0:#ffffff
TIMEFORCOLOR 0
COLORFORTIME #ffffff
CDST 10015
--cdst GE tfc COUNTDOWN_COLOR=#ffffff
===COLOR_PAIR 60:#ffff00
TIMEFORCOLOR 60
COLORFORTIME #ffff00
CDST 10015
--cdst GE tfc COUNTDOWN_COLOR=#ffff00
===COLOR_PAIR 14400:#ffffff
TIMEFORCOLOR 14400
COLORFORTIME #ffffff
CDST 10015
{ "full_text":"M -02:47 ", "color": "#ffff00", "name": "countdown-M" },
===============================
buildCountDown
COLORLIST_FF 0:#ffff00,7200:#ff6600,14400:#ff0000
COLORLIST 0:#ffff00,7200:#ff6600,14400:#ff0000
==
COLORBLINK_FF #00ff00:#00ff00
COLORBLINK #00ff00:#00ff00
===COLOR_PAIR 0:#ffff00
TIMEFORCOLOR 0
COLORFORTIME #ffff00
CDST 26815
--cdst GE tfc COUNTDOWN_COLOR=#ffff00
===COLOR_PAIR 7200:#ff6600
TIMEFORCOLOR 7200
COLORFORTIME #ff6600
CDST 26815
--cdst GE tfc COUNTDOWN_COLOR=#ff6600
===COLOR_PAIR 14400:#ff0000
TIMEFORCOLOR 14400
COLORFORTIME #ff0000
CDST 26815
--cdst GE tfc COUNTDOWN_COLOR=#ff0000
{ "full_text":"A -07:27 ", "color": "#ff0000", "name": "countdown-A" },
===============================
buildCountDown
COLORLIST_FF 0:#ffffff,60:#ffff00,14400:#ffffff
COLORLIST 0:#ffffff,60:#ffff00,14400:#ffffff
==
COLORBLINK_FF #ffffff:#ff0000
COLORBLINK #ffffff:#ff0000
===COLOR_PAIR 0:#ffffff
TIMEFORCOLOR 0
COLORFORTIME #ffffff
CDST 10010
--cdst GE tfc COUNTDOWN_COLOR=#ffffff
===COLOR_PAIR 60:#ffff00
TIMEFORCOLOR 60
COLORFORTIME #ffff00
CDST 10010
--cdst GE tfc COUNTDOWN_COLOR=#ffff00
===COLOR_PAIR 14400:#ffffff
TIMEFORCOLOR 14400
COLORFORTIME #ffffff
CDST 10010
{ "full_text":"M -02:47 ", "color": "#ffff00", "name": "countdown-M" },
===============================
buildCountDown
COLORLIST_FF 0:#ffff00,7200:#ff6600,14400:#ff0000
COLORLIST 0:#ffff00,7200:#ff6600,14400:#ff0000
==
COLORBLINK_FF #00ff00:#00ff00
COLORBLINK #00ff00:#00ff00
===COLOR_PAIR 0:#ffff00
TIMEFORCOLOR 0
COLORFORTIME #ffff00
CDST 26810
--cdst GE tfc COUNTDOWN_COLOR=#ffff00
===COLOR_PAIR 7200:#ff6600
TIMEFORCOLOR 7200
COLORFORTIME #ff6600
CDST 26810
--cdst GE tfc COUNTDOWN_COLOR=#ff6600
===COLOR_PAIR 14400:#ff0000
TIMEFORCOLOR 14400
COLORFORTIME #ff0000
CDST 26810
--cdst GE tfc COUNTDOWN_COLOR=#ff0000
{ "full_text":"A -07:27 ", "color": "#ff0000", "name": "countdown-A" },
===============================
buildCountDown
COLORLIST_FF 0:#ffffff,60:#ffff00,14400:#ffffff
COLORLIST 0:#ffffff,60:#ffff00,14400:#ffffff
==
COLORBLINK_FF #ffffff:#ff0000
COLORBLINK #ffffff:#ff0000
===COLOR_PAIR 0:#ffffff
TIMEFORCOLOR 0
COLORFORTIME #ffffff
CDST 10005
--cdst GE tfc COUNTDOWN_COLOR=#ffffff
===COLOR_PAIR 60:#ffff00
TIMEFORCOLOR 60
COLORFORTIME #ffff00
CDST 10005
--cdst GE tfc COUNTDOWN_COLOR=#ffff00
===COLOR_PAIR 14400:#ffffff
TIMEFORCOLOR 14400
COLORFORTIME #ffffff
CDST 10005
{ "full_text":"M -02:47 ", "color": "#ffff00", "name": "countdown-M" },
===============================
buildCountDown
COLORLIST_FF 0:#ffff00,7200:#ff6600,14400:#ff0000
COLORLIST 0:#ffff00,7200:#ff6600,14400:#ff0000
==
COLORBLINK_FF #00ff00:#00ff00
COLORBLINK #00ff00:#00ff00
===COLOR_PAIR 0:#ffff00
TIMEFORCOLOR 0
COLORFORTIME #ffff00
CDST 26805
--cdst GE tfc COUNTDOWN_COLOR=#ffff00
===COLOR_PAIR 7200:#ff6600
TIMEFORCOLOR 7200
COLORFORTIME #ff6600
CDST 26805
--cdst GE tfc COUNTDOWN_COLOR=#ff6600
===COLOR_PAIR 14400:#ff0000
TIMEFORCOLOR 14400
COLORFORTIME #ff0000
CDST 26805
--cdst GE tfc COUNTDOWN_COLOR=#ff0000
{ "full_text":"A -07:27 ", "color": "#ff0000", "name": "countdown-A" },
===============================
buildCountDown
COLORLIST_FF 0:#ffffff,60:#ffff00,14400:#ffffff
COLORLIST 0:#ffffff,60:#ffff00,14400:#ffffff
==
COLORBLINK_FF #ffffff:#ff0000
COLORBLINK #ffffff:#ff0000
===COLOR_PAIR 0:#ffffff
TIMEFORCOLOR 0
COLORFORTIME #ffffff
CDST 10000
--cdst GE tfc COUNTDOWN_COLOR=#ffffff
===COLOR_PAIR 60:#ffff00
TIMEFORCOLOR 60
COLORFORTIME #ffff00
CDST 10000
--cdst GE tfc COUNTDOWN_COLOR=#ffff00
===COLOR_PAIR 14400:#ffffff
TIMEFORCOLOR 14400
COLORFORTIME #ffffff
CDST 10000
{ "full_text":"M -02:47 ", "color": "#ffff00", "name": "countdown-M" },
===============================
buildCountDown
COLORLIST_FF 0:#ffff00,7200:#ff6600,14400:#ff0000
COLORLIST 0:#ffff00,7200:#ff6600,14400:#ff0000
==
COLORBLINK_FF #00ff00:#00ff00
COLORBLINK #00ff00:#00ff00
===COLOR_PAIR 0:#ffff00
TIMEFORCOLOR 0
COLORFORTIME #ffff00
CDST 26800
--cdst GE tfc COUNTDOWN_COLOR=#ffff00
===COLOR_PAIR 7200:#ff6600
TIMEFORCOLOR 7200
COLORFORTIME #ff6600
CDST 26800
--cdst GE tfc COUNTDOWN_COLOR=#ff6600
===COLOR_PAIR 14400:#ff0000
TIMEFORCOLOR 14400
COLORFORTIME #ff0000
CDST 26800
--cdst GE tfc COUNTDOWN_COLOR=#ff0000
{ "full_text":"A -07:27 ", "color": "#ff0000", "name": "countdown-A" },
===============================
buildCountDown
COLORLIST_FF 0:#ffffff,60:#ffff00,14400:#ffffff
COLORLIST 0:#ffffff,60:#ffff00,14400:#ffffff
==
COLORBLINK_FF #ffffff:#ff0000
COLORBLINK #ffffff:#ff0000
===COLOR_PAIR 0:#ffffff
TIMEFORCOLOR 0
COLORFORTIME #ffffff
CDST 9995
--cdst GE tfc COUNTDOWN_COLOR=#ffffff
===COLOR_PAIR 60:#ffff00
TIMEFORCOLOR 60
COLORFORTIME #ffff00
CDST 9995
--cdst GE tfc COUNTDOWN_COLOR=#ffff00
===COLOR_PAIR 14400:#ffffff
TIMEFORCOLOR 14400
COLORFORTIME #ffffff
CDST 9995
{ "full_text":"M -02:47 ", "color": "#ffff00", "name": "countdown-M" },
===============================
buildCountDown
COLORLIST_FF 0:#ffff00,7200:#ff6600,14400:#ff0000
COLORLIST 0:#ffff00,7200:#ff6600,14400:#ff0000
==
COLORBLINK_FF #00ff00:#00ff00
COLORBLINK #00ff00:#00ff00
===COLOR_PAIR 0:#ffff00
TIMEFORCOLOR 0
COLORFORTIME #ffff00
CDST 26795
--cdst GE tfc COUNTDOWN_COLOR=#ffff00
===COLOR_PAIR 7200:#ff6600
TIMEFORCOLOR 7200
COLORFORTIME #ff6600
CDST 26795
--cdst GE tfc COUNTDOWN_COLOR=#ff6600
===COLOR_PAIR 14400:#ff0000
TIMEFORCOLOR 14400
COLORFORTIME #ff0000
CDST 26795
--cdst GE tfc COUNTDOWN_COLOR=#ff0000
{ "full_text":"A -07:27 ", "color": "#ff0000", "name": "countdown-A" },
===============================
buildCountDown
COLORLIST_FF 0:#ffffff,60:#ffff00,14400:#ffffff
COLORLIST 0:#ffffff,60:#ffff00,14400:#ffffff
==
COLORBLINK_FF #ffffff:#ff0000
COLORBLINK #ffffff:#ff0000
===COLOR_PAIR 0:#ffffff
TIMEFORCOLOR 0
COLORFORTIME #ffffff
CDST 9990
--cdst GE tfc COUNTDOWN_COLOR=#ffffff
===COLOR_PAIR 60:#ffff00
TIMEFORCOLOR 60
COLORFORTIME #ffff00
CDST 9990
--cdst GE tfc COUNTDOWN_COLOR=#ffff00
===COLOR_PAIR 14400:#ffffff
TIMEFORCOLOR 14400
COLORFORTIME #ffffff
CDST 9990
{ "full_text":"M -02:47 ", "color": "#ffff00", "name": "countdown-M" },
===============================
buildCountDown
COLORLIST_FF 0:#ffff00,7200:#ff6600,14400:#ff0000
COLORLIST 0:#ffff00,7200:#ff6600,14400:#ff0000
==
COLORBLINK_FF #00ff00:#00ff00
COLORBLINK #00ff00:#00ff00
===COLOR_PAIR 0:#ffff00
TIMEFORCOLOR 0
COLORFORTIME #ffff00
CDST 26790
--cdst GE tfc COUNTDOWN_COLOR=#ffff00
===COLOR_PAIR 7200:#ff6600
TIMEFORCOLOR 7200
COLORFORTIME #ff6600
CDST 26790
--cdst GE tfc COUNTDOWN_COLOR=#ff6600
===COLOR_PAIR 14400:#ff0000
TIMEFORCOLOR 14400
COLORFORTIME #ff0000
CDST 26790
--cdst GE tfc COUNTDOWN_COLOR=#ff0000
{ "full_text":"A -07:27 ", "color": "#ff0000", "name": "countdown-A" },
===============================
buildCountDown
COLORLIST_FF 0:#ffffff,60:#ffff00,14400:#ffffff
COLORLIST 0:#ffffff,60:#ffff00,14400:#ffffff
==
COLORBLINK_FF #ffffff:#ff0000
COLORBLINK #ffffff:#ff0000
===COLOR_PAIR 0:#ffffff
TIMEFORCOLOR 0
COLORFORTIME #ffffff
CDST 9985
--cdst GE tfc COUNTDOWN_COLOR=#ffffff
===COLOR_PAIR 60:#ffff00
TIMEFORCOLOR 60
COLORFORTIME #ffff00
CDST 9985
--cdst GE tfc COUNTDOWN_COLOR=#ffff00
===COLOR_PAIR 14400:#ffffff
TIMEFORCOLOR 14400
COLORFORTIME #ffffff
CDST 9985
{ "full_text":"M -02:47 ", "color": "#ffff00", "name": "countdown-M" },
===============================
buildCountDown
COLORLIST_FF 0:#ffff00,7200:#ff6600,14400:#ff0000
COLORLIST 0:#ffff00,7200:#ff6600,14400:#ff0000
==
COLORBLINK_FF #00ff00:#00ff00
COLORBLINK #00ff00:#00ff00
===COLOR_PAIR 0:#ffff00
TIMEFORCOLOR 0
COLORFORTIME #ffff00
CDST 26785
--cdst GE tfc COUNTDOWN_COLOR=#ffff00
===COLOR_PAIR 7200:#ff6600
TIMEFORCOLOR 7200
COLORFORTIME #ff6600
CDST 26785
--cdst GE tfc COUNTDOWN_COLOR=#ff6600
===COLOR_PAIR 14400:#ff0000
TIMEFORCOLOR 14400
COLORFORTIME #ff0000
CDST 26785
--cdst GE tfc COUNTDOWN_COLOR=#ff0000
{ "full_text":"A -07:27 ", "color": "#ff0000", "name": "countdown-A" },
===============================
buildCountDown
COLORLIST_FF 0:#ffffff,60:#ffff00,14400:#ffffff
COLORLIST 0:#ffffff,60:#ffff00,14400:#ffffff
==
COLORBLINK_FF #ffffff:#ff0000
COLORBLINK #ffffff:#ff0000
===COLOR_PAIR 0:#ffffff
TIMEFORCOLOR 0
COLORFORTIME #ffffff
CDST 9980
--cdst GE tfc COUNTDOWN_COLOR=#ffffff
===COLOR_PAIR 60:#ffff00
TIMEFORCOLOR 60
COLORFORTIME #ffff00
CDST 9980
--cdst GE tfc COUNTDOWN_COLOR=#ffff00
===COLOR_PAIR 14400:#ffffff
TIMEFORCOLOR 14400
COLORFORTIME #ffffff
CDST 9980
{ "full_text":"M -02:47 ", "color": "#ffff00", "name": "countdown-M" },
===============================
buildCountDown
COLORLIST_FF 0:#ffff00,7200:#ff6600,14400:#ff0000
COLORLIST 0:#ffff00,7200:#ff6600,14400:#ff0000
==
COLORBLINK_FF #00ff00:#00ff00
COLORBLINK #00ff00:#00ff00
===COLOR_PAIR 0:#ffff00
TIMEFORCOLOR 0
COLORFORTIME #ffff00
CDST 26780
--cdst GE tfc COUNTDOWN_COLOR=#ffff00
===COLOR_PAIR 7200:#ff6600
TIMEFORCOLOR 7200
COLORFORTIME #ff6600
CDST 26780
--cdst GE tfc COUNTDOWN_COLOR=#ff6600
===COLOR_PAIR 14400:#ff0000
TIMEFORCOLOR 14400
COLORFORTIME #ff0000
CDST 26780
--cdst GE tfc COUNTDOWN_COLOR=#ff0000
{ "full_text":"A -07:27 ", "color": "#ff0000", "name": "countdown-A" },
===============================
buildCountDown
COLORLIST_FF 0:#ffffff,60:#ffff00,14400:#ffffff
COLORLIST 0:#ffffff,60:#ffff00,14400:#ffffff
==
COLORBLINK_FF #ffffff:#ff0000
COLORBLINK #ffffff:#ff0000
===COLOR_PAIR 0:#ffffff
TIMEFORCOLOR 0
COLORFORTIME #ffffff
CDST 9975
--cdst GE tfc COUNTDOWN_COLOR=#ffffff
===COLOR_PAIR 60:#ffff00
TIMEFORCOLOR 60
COLORFORTIME #ffff00
CDST 9975
--cdst GE tfc COUNTDOWN_COLOR=#ffff00
===COLOR_PAIR 14400:#ffffff
TIMEFORCOLOR 14400
COLORFORTIME #ffffff
CDST 9975
{ "full_text":"M -02:47 ", "color": "#ffff00", "name": "countdown-M" },
===============================
buildCountDown
COLORLIST_FF 0:#ffff00,7200:#ff6600,14400:#ff0000
COLORLIST 0:#ffff00,7200:#ff6600,14400:#ff0000
==
COLORBLINK_FF #00ff00:#00ff00
COLORBLINK #00ff00:#00ff00
===COLOR_PAIR 0:#ffff00
TIMEFORCOLOR 0
COLORFORTIME #ffff00
CDST 26775
--cdst GE tfc COUNTDOWN_COLOR=#ffff00
===COLOR_PAIR 7200:#ff6600
TIMEFORCOLOR 7200
COLORFORTIME #ff6600
CDST 26775
--cdst GE tfc COUNTDOWN_COLOR=#ff6600
===COLOR_PAIR 14400:#ff0000
TIMEFORCOLOR 14400
COLORFORTIME #ff0000
CDST 26775
--cdst GE tfc COUNTDOWN_COLOR=#ff0000
{ "full_text":"A -07:27 ", "color": "#ff0000", "name": "countdown-A" },
===============================
buildCountDown
COLORLIST_FF 0:#ffffff,60:#ffff00
COLORLIST 0:#ffffff,60:#ffff00
==
COLORBLINK_FF #ffffff:#ff0000
COLORBLINK #ffffff:#ff0000
===COLOR_PAIR 0:#ffffff
TIMEFORCOLOR 0
COLORFORTIME #ffffff
CDST 9970
--cdst GE tfc COUNTDOWN_COLOR=#ffffff
===COLOR_PAIR 60:#ffff00
TIMEFORCOLOR 60
COLORFORTIME #ffff00
CDST 9970
--cdst GE tfc COUNTDOWN_COLOR=#ffff00
{ "full_text":"M -02:47 ", "color": "#ffff00", "name": "countdown-M" },
===============================
buildCountDown
COLORLIST_FF 0:#ffff00,7200:#ff6600,14400:#ff0000
COLORLIST 0:#ffff00,7200:#ff6600,14400:#ff0000
==
COLORBLINK_FF #00ff00:#00ff00
COLORBLINK #00ff00:#00ff00
===COLOR_PAIR 0:#ffff00
TIMEFORCOLOR 0
COLORFORTIME #ffff00
CDST 26770
--cdst GE tfc COUNTDOWN_COLOR=#ffff00
===COLOR_PAIR 7200:#ff6600
TIMEFORCOLOR 7200
COLORFORTIME #ff6600
CDST 26770
--cdst GE tfc COUNTDOWN_COLOR=#ff6600
===COLOR_PAIR 14400:#ff0000
TIMEFORCOLOR 14400
COLORFORTIME #ff0000
CDST 26770
--cdst GE tfc COUNTDOWN_COLOR=#ff0000
{ "full_text":"A -07:27 ", "color": "#ff0000", "name": "countdown-A" },
===============================
buildCountDown
COLORLIST_FF 0:#ffffff,60:#ffff00
COLORLIST 0:#ffffff,60:#ffff00
==
COLORBLINK_FF #ffffff:#ff0000
COLORBLINK #ffffff:#ff0000
===COLOR_PAIR 0:#ffffff
TIMEFORCOLOR 0
COLORFORTIME #ffffff
CDST 9965
--cdst GE tfc COUNTDOWN_COLOR=#ffffff
===COLOR_PAIR 60:#ffff00
TIMEFORCOLOR 60
COLORFORTIME #ffff00
CDST 9965
--cdst GE tfc COUNTDOWN_COLOR=#ffff00
{ "full_text":"M -02:47 ", "color": "#ffff00", "name": "countdown-M" },
===============================
buildCountDown
COLORLIST_FF 0:#ffff00,7200:#ff6600,14400:#ff0000
COLORLIST 0:#ffff00,7200:#ff6600,14400:#ff0000
==
COLORBLINK_FF #00ff00:#00ff00
COLORBLINK #00ff00:#00ff00
===COLOR_PAIR 0:#ffff00
TIMEFORCOLOR 0
COLORFORTIME #ffff00
CDST 26765
--cdst GE tfc COUNTDOWN_COLOR=#ffff00
===COLOR_PAIR 7200:#ff6600
TIMEFORCOLOR 7200
COLORFORTIME #ff6600
CDST 26765
--cdst GE tfc COUNTDOWN_COLOR=#ff6600
===COLOR_PAIR 14400:#ff0000
TIMEFORCOLOR 14400
COLORFORTIME #ff0000
CDST 26765
--cdst GE tfc COUNTDOWN_COLOR=#ff0000
{ "full_text":"A -07:27 ", "color": "#ff0000", "name": "countdown-A" },
===============================
buildCountDown
COLORLIST_FF 0:#ffffff,60:#ffff00
COLORLIST 0:#ffffff,60:#ffff00
==
COLORBLINK_FF #ffffff:#ff0000
COLORBLINK #ffffff:#ff0000
===COLOR_PAIR 0:#ffffff
TIMEFORCOLOR 0
COLORFORTIME #ffffff
CDST 9960
--cdst GE tfc COUNTDOWN_COLOR=#ffffff
===COLOR_PAIR 60:#ffff00
TIMEFORCOLOR 60
COLORFORTIME #ffff00
CDST 9960
--cdst GE tfc COUNTDOWN_COLOR=#ffff00
{ "full_text":"M -02:46 ", "color": "#ffff00", "name": "countdown-M" },
===============================
buildCountDown
COLORLIST_FF 0:#ffff00,7200:#ff6600,14400:#ff0000
COLORLIST 0:#ffff00,7200:#ff6600,14400:#ff0000
==
COLORBLINK_FF #00ff00:#00ff00
COLORBLINK #00ff00:#00ff00
===COLOR_PAIR 0:#ffff00
TIMEFORCOLOR 0
COLORFORTIME #ffff00
CDST 26760
--cdst GE tfc COUNTDOWN_COLOR=#ffff00
===COLOR_PAIR 7200:#ff6600
TIMEFORCOLOR 7200
COLORFORTIME #ff6600
CDST 26760
--cdst GE tfc COUNTDOWN_COLOR=#ff6600
===COLOR_PAIR 14400:#ff0000
TIMEFORCOLOR 14400
COLORFORTIME #ff0000
CDST 26760
--cdst GE tfc COUNTDOWN_COLOR=#ff0000
{ "full_text":"A -07:26 ", "color": "#ff0000", "name": "countdown-A" },
===============================
buildCountDown
COLORLIST_FF 0:#ffffff,60:#ffff00
COLORLIST 0:#ffffff,60:#ffff00
==
COLORBLINK_FF #ffffff:#ff0000
COLORBLINK #ffffff:#ff0000
===COLOR_PAIR 0:#ffffff
TIMEFORCOLOR 0
COLORFORTIME #ffffff
CDST 9955
--cdst GE tfc COUNTDOWN_COLOR=#ffffff
===COLOR_PAIR 60:#ffff00
TIMEFORCOLOR 60
COLORFORTIME #ffff00
CDST 9955
--cdst GE tfc COUNTDOWN_COLOR=#ffff00
{ "full_text":"M -02:46 ", "color": "#ffff00", "name": "countdown-M" },
===============================
buildCountDown
COLORLIST_FF 0:#ffff00,7200:#ff6600,14400:#ff0000
COLORLIST 0:#ffff00,7200:#ff6600,14400:#ff0000
==
COLORBLINK_FF #00ff00:#00ff00
COLORBLINK #00ff00:#00ff00
===COLOR_PAIR 0:#ffff00
TIMEFORCOLOR 0
COLORFORTIME #ffff00
CDST 26755
--cdst GE tfc COUNTDOWN_COLOR=#ffff00
===COLOR_PAIR 7200:#ff6600
TIMEFORCOLOR 7200
COLORFORTIME #ff6600
CDST 26755
--cdst GE tfc COUNTDOWN_COLOR=#ff6600
===COLOR_PAIR 14400:#ff0000
TIMEFORCOLOR 14400
COLORFORTIME #ff0000
CDST 26755
--cdst GE tfc COUNTDOWN_COLOR=#ff0000
{ "full_text":"A -07:26 ", "color": "#ff0000", "name": "countdown-A" },
===============================
buildCountDown
COLORLIST_FF 0:#ffffff,60:#ffff00
COLORLIST 0:#ffffff,60:#ffff00
==
COLORBLINK_FF #ffffff:#ff0000
COLORBLINK #ffffff:#ff0000
===COLOR_PAIR 0:#ffffff
TIMEFORCOLOR 0
COLORFORTIME #ffffff
CDST 9950
--cdst GE tfc COUNTDOWN_COLOR=#ffffff
===COLOR_PAIR 60:#ffff00
TIMEFORCOLOR 60
COLORFORTIME #ffff00
CDST 9950
--cdst GE tfc COUNTDOWN_COLOR=#ffff00
{ "full_text":"M -02:46 ", "color": "#ffff00", "name": "countdown-M" },
===============================
buildCountDown
COLORLIST_FF 0:#ffff00,7200:#ff6600,14400:#ff0000
COLORLIST 0:#ffff00,7200:#ff6600,14400:#ff0000
==
COLORBLINK_FF #00ff00:#00ff00
COLORBLINK #00ff00:#00ff00
===COLOR_PAIR 0:#ffff00
TIMEFORCOLOR 0
COLORFORTIME #ffff00
CDST 26750
--cdst GE tfc COUNTDOWN_COLOR=#ffff00
===COLOR_PAIR 7200:#ff6600
TIMEFORCOLOR 7200
COLORFORTIME #ff6600
CDST 26750
--cdst GE tfc COUNTDOWN_COLOR=#ff6600
===COLOR_PAIR 14400:#ff0000
TIMEFORCOLOR 14400
COLORFORTIME #ff0000
CDST 26750
--cdst GE tfc COUNTDOWN_COLOR=#ff0000
{ "full_text":"A -07:26 ", "color": "#ff0000", "name": "countdown-A" },
===============================
buildCountDown
COLORLIST_FF 0:#ffffff,60:#ffff00
COLORLIST 0:#ffffff,60:#ffff00
==
COLORBLINK_FF #ffffff:#ff0000
COLORBLINK #ffffff:#ff0000
===COLOR_PAIR 0:#ffffff
TIMEFORCOLOR 0
COLORFORTIME #ffffff
CDST 9945
--cdst GE tfc COUNTDOWN_COLOR=#ffffff
===COLOR_PAIR 60:#ffff00
TIMEFORCOLOR 60
COLORFORTIME #ffff00
CDST 9945
--cdst GE tfc COUNTDOWN_COLOR=#ffff00
{ "full_text":"M -02:46 ", "color": "#ffff00", "name": "countdown-M" },
===============================
buildCountDown
COLORLIST_FF 0:#ffff00,7200:#ff6600,14400:#ff0000
COLORLIST 0:#ffff00,7200:#ff6600,14400:#ff0000
==
COLORBLINK_FF #00ff00:#00ff00
COLORBLINK #00ff00:#00ff00
===COLOR_PAIR 0:#ffff00
TIMEFORCOLOR 0
COLORFORTIME #ffff00
CDST 26745
--cdst GE tfc COUNTDOWN_COLOR=#ffff00
===COLOR_PAIR 7200:#ff6600
TIMEFORCOLOR 7200
COLORFORTIME #ff6600
CDST 26745
--cdst GE tfc COUNTDOWN_COLOR=#ff6600
===COLOR_PAIR 14400:#ff0000
TIMEFORCOLOR 14400
COLORFORTIME #ff0000
CDST 26745
--cdst GE tfc COUNTDOWN_COLOR=#ff0000
{ "full_text":"A -07:26 ", "color": "#ff0000", "name": "countdown-A" },
===============================
buildCountDown
COLORLIST_FF 0:#ffffff,60:#ffff00
COLORLIST 0:#ffffff,60:#ffff00
==
COLORBLINK_FF #ffffff:#ff0000
COLORBLINK #ffffff:#ff0000
===COLOR_PAIR 0:#ffffff
TIMEFORCOLOR 0
COLORFORTIME #ffffff
CDST 9940
--cdst GE tfc COUNTDOWN_COLOR=#ffffff
===COLOR_PAIR 60:#ffff00
TIMEFORCOLOR 60
COLORFORTIME #ffff00
CDST 9940
--cdst GE tfc COUNTDOWN_COLOR=#ffff00
{ "full_text":"M -02:46 ", "color": "#ffff00", "name": "countdown-M" },
===============================
buildCountDown
COLORLIST_FF 0:#ffff00,7200:#ff6600,14400:#ff0000
COLORLIST 0:#ffff00,7200:#ff6600,14400:#ff0000
==
COLORBLINK_FF #00ff00:#00ff00
COLORBLINK #00ff00:#00ff00
===COLOR_PAIR 0:#ffff00
TIMEFORCOLOR 0
COLORFORTIME #ffff00
CDST 26740
--cdst GE tfc COUNTDOWN_COLOR=#ffff00
===COLOR_PAIR 7200:#ff6600
TIMEFORCOLOR 7200
COLORFORTIME #ff6600
CDST 26740
--cdst GE tfc COUNTDOWN_COLOR=#ff6600
===COLOR_PAIR 14400:#ff0000
TIMEFORCOLOR 14400
COLORFORTIME #ff0000
CDST 26740
--cdst GE tfc COUNTDOWN_COLOR=#ff0000
{ "full_text":"A -07:26 ", "color": "#ff0000", "name": "countdown-A" },
===============================
buildCountDown
COLORLIST_FF 0:#ffffff,60:#ffff00
COLORLIST 0:#ffffff,60:#ffff00
==
COLORBLINK_FF #ffffff:#ff0000
COLORBLINK #ffffff:#ff0000
===COLOR_PAIR 0:#ffffff
TIMEFORCOLOR 0
COLORFORTIME #ffffff
CDST 9935
--cdst GE tfc COUNTDOWN_COLOR=#ffffff
===COLOR_PAIR 60:#ffff00
TIMEFORCOLOR 60
COLORFORTIME #ffff00
CDST 9935
--cdst GE tfc COUNTDOWN_COLOR=#ffff00
{ "full_text":"M -02:46 ", "color": "#ffff00", "name": "countdown-M" },
===============================
buildCountDown
COLORLIST_FF 0:#ffff00,7200:#ff6600,14400:#ff0000
COLORLIST 0:#ffff00,7200:#ff6600,14400:#ff0000
==
COLORBLINK_FF #00ff00:#00ff00
COLORBLINK #00ff00:#00ff00
===COLOR_PAIR 0:#ffff00
TIMEFORCOLOR 0
COLORFORTIME #ffff00
CDST 26735
--cdst GE tfc COUNTDOWN_COLOR=#ffff00
===COLOR_PAIR 7200:#ff6600
TIMEFORCOLOR 7200
COLORFORTIME #ff6600
CDST 26735
--cdst GE tfc COUNTDOWN_COLOR=#ff6600
===COLOR_PAIR 14400:#ff0000
TIMEFORCOLOR 14400
COLORFORTIME #ff0000
CDST 26735
--cdst GE tfc COUNTDOWN_COLOR=#ff0000
{ "full_text":"A -07:26 ", "color": "#ff0000", "name": "countdown-A" },
===============================
buildCountDown
COLORLIST_FF 0:#ffffff,60:#ffff00
COLORLIST 0:#ffffff,60:#ffff00
==
COLORBLINK_FF #ffffff:#ff0000
COLORBLINK #ffffff:#ff0000
===COLOR_PAIR 0:#ffffff
TIMEFORCOLOR 0
COLORFORTIME #ffffff
CDST 9930
--cdst GE tfc COUNTDOWN_COLOR=#ffffff
===COLOR_PAIR 60:#ffff00
TIMEFORCOLOR 60
COLORFORTIME #ffff00
CDST 9930
--cdst GE tfc COUNTDOWN_COLOR=#ffff00
{ "full_text":"M -02:46 ", "color": "#ffff00", "name": "countdown-M" },
===============================
buildCountDown
COLORLIST_FF 0:#ffff00,7200:#ff6600,14400:#ff0000
COLORLIST 0:#ffff00,7200:#ff6600,14400:#ff0000
==
COLORBLINK_FF #00ff00:#00ff00
COLORBLINK #00ff00:#00ff00
===COLOR_PAIR 0:#ffff00
TIMEFORCOLOR 0
COLORFORTIME #ffff00
CDST 26730
--cdst GE tfc COUNTDOWN_COLOR=#ffff00
===COLOR_PAIR 7200:#ff6600
TIMEFORCOLOR 7200
COLORFORTIME #ff6600
CDST 26730
--cdst GE tfc COUNTDOWN_COLOR=#ff6600
===COLOR_PAIR 14400:#ff0000
TIMEFORCOLOR 14400
COLORFORTIME #ff0000
CDST 26730
--cdst GE tfc COUNTDOWN_COLOR=#ff0000
{ "full_text":"A -07:26 ", "color": "#ff0000", "name": "countdown-A" },
===============================
buildCountDown
COLORLIST_FF 0:#ffffff,60:#ffff00
COLORLIST 0:#ffffff,60:#ffff00
==
COLORBLINK_FF #ffffff:#ff0000
COLORBLINK #ffffff:#ff0000
===COLOR_PAIR 0:#ffffff
TIMEFORCOLOR 0
COLORFORTIME #ffffff
CDST 9925
--cdst GE tfc COUNTDOWN_COLOR=#ffffff
===COLOR_PAIR 60:#ffff00
TIMEFORCOLOR 60
COLORFORTIME #ffff00
CDST 9925
--cdst GE tfc COUNTDOWN_COLOR=#ffff00
{ "full_text":"M -02:46 ", "color": "#ffff00", "name": "countdown-M" },
===============================
buildCountDown
COLORLIST_FF 0:#ffff00,7200:#ff6600,14400:#ff0000
COLORLIST 0:#ffff00,7200:#ff6600,14400:#ff0000
==
COLORBLINK_FF #00ff00:#00ff00
COLORBLINK #00ff00:#00ff00
===COLOR_PAIR 0:#ffff00
TIMEFORCOLOR 0
COLORFORTIME #ffff00
CDST 26725
--cdst GE tfc COUNTDOWN_COLOR=#ffff00
===COLOR_PAIR 7200:#ff6600
TIMEFORCOLOR 7200
COLORFORTIME #ff6600
CDST 26725
--cdst GE tfc COUNTDOWN_COLOR=#ff6600
===COLOR_PAIR 14400:#ff0000
TIMEFORCOLOR 14400
COLORFORTIME #ff0000
CDST 26725
--cdst GE tfc COUNTDOWN_COLOR=#ff0000
{ "full_text":"A -07:26 ", "color": "#ff0000", "name": "countdown-A" },
===============================
buildCountDown
COLORLIST_FF 0:#ffffff,60:#ffff00
COLORLIST 0:#ffffff,60:#ffff00
==
COLORBLINK_FF #ffffff:#ff0000
COLORBLINK #ffffff:#ff0000
===COLOR_PAIR 0:#ffffff
TIMEFORCOLOR 0
COLORFORTIME #ffffff
CDST 9920
--cdst GE tfc COUNTDOWN_COLOR=#ffffff
===COLOR_PAIR 60:#ffff00
TIMEFORCOLOR 60
COLORFORTIME #ffff00
CDST 9920
--cdst GE tfc COUNTDOWN_COLOR=#ffff00
{ "full_text":"M -02:46 ", "color": "#ffff00", "name": "countdown-M" },
===============================
buildCountDown
COLORLIST_FF 0:#ffff00,7200:#ff6600,14400:#ff0000
COLORLIST 0:#ffff00,7200:#ff6600,14400:#ff0000
==
COLORBLINK_FF #00ff00:#00ff00
COLORBLINK #00ff00:#00ff00
===COLOR_PAIR 0:#ffff00
TIMEFORCOLOR 0
COLORFORTIME #ffff00
CDST 26720
--cdst GE tfc COUNTDOWN_COLOR=#ffff00
===COLOR_PAIR 7200:#ff6600
TIMEFORCOLOR 7200
COLORFORTIME #ff6600
CDST 26720
--cdst GE tfc COUNTDOWN_COLOR=#ff6600
===COLOR_PAIR 14400:#ff0000
TIMEFORCOLOR 14400
COLORFORTIME #ff0000
CDST 26720
--cdst GE tfc COUNTDOWN_COLOR=#ff0000
{ "full_text":"A -07:26 ", "color": "#ff0000", "name": "countdown-A" },
===============================
buildCountDown
COLORLIST_FF 0:#ffffff,60:#ffff00
COLORLIST 0:#ffffff,60:#ffff00
==
COLORBLINK_FF #ffffff:#ff0000
COLORBLINK #ffffff:#ff0000
===COLOR_PAIR 0:#ffffff
TIMEFORCOLOR 0
COLORFORTIME #ffffff
CDST 9910
--cdst GE tfc COUNTDOWN_COLOR=#ffffff
===COLOR_PAIR 60:#ffff00
TIMEFORCOLOR 60
COLORFORTIME #ffff00
CDST 9910
--cdst GE tfc COUNTDOWN_COLOR=#ffff00
{ "full_text":"M -02:46 ", "color": "#ffff00", "name": "countdown-M" },
===============================
buildCountDown
COLORLIST_FF 0:#ffff00,7200:#ff6600,14400:#ff0000
COLORLIST 0:#ffff00,7200:#ff6600,14400:#ff0000
==
COLORBLINK_FF #00ff00:#00ff00
COLORBLINK #00ff00:#00ff00
===COLOR_PAIR 0:#ffff00
TIMEFORCOLOR 0
COLORFORTIME #ffff00
CDST 26710
--cdst GE tfc COUNTDOWN_COLOR=#ffff00
===COLOR_PAIR 7200:#ff6600
TIMEFORCOLOR 7200
COLORFORTIME #ff6600
CDST 26710
--cdst GE tfc COUNTDOWN_COLOR=#ff6600
===COLOR_PAIR 14400:#ff0000
TIMEFORCOLOR 14400
COLORFORTIME #ff0000
CDST 26710
--cdst GE tfc COUNTDOWN_COLOR=#ff0000
{ "full_text":"A -07:26 ", "color": "#ff0000", "name": "countdown-A" },
